Feb-27 11:04:55.928 [main] DEBUG nextflow.cli.Launcher - $> nextflow run nf-core/scdownstream -r dev -c /rds/general/user/ah3918/ephemeral/PROJECTS/PARISA/scRNA-seq_pipelines/alex_test.config --input /rds/general/user/ah3918/ephemeral/32human_epilep_scdownstream.csv --outdir /rds/general/user/ah3918/projects/puklandmarkproject/ephemeral/outs/alex_test/ -w /rds/general/user/ah3918/ephemeral/NEXTFLOW/ --ambient_removal cellbender --doublet_detection scrublet --skip_liana true --save_intermediates false -resume
Feb-27 11:04:56.029 [main] DEBUG nextflow.cli.CmdRun - N E X T F L O W  ~  version 24.10.3
Feb-27 11:04:56.045 [main] DEBUG nextflow.plugin.PluginsFacade - Setting up plugin manager > mode=prod; embedded=false; plugins-dir=/rds/general/user/ah3918/home/.nextflow/plugins; core-plugins: nf-amazon@2.9.2,nf-azure@1.10.2,nf-cloudcache@0.4.2,nf-codecommit@0.2.2,nf-console@1.1.4,nf-google@1.15.3,nf-tower@1.9.3,nf-wave@1.7.4
Feb-27 11:04:56.058 [main] INFO  o.pf4j.DefaultPluginStatusProvider - Enabled plugins: []
Feb-27 11:04:56.059 [main] INFO  o.pf4j.DefaultPluginStatusProvider - Disabled plugins: []
Feb-27 11:04:56.061 [main] INFO  org.pf4j.DefaultPluginManager - PF4J version 3.12.0 in 'deployment' mode
Feb-27 11:04:56.072 [main] INFO  org.pf4j.AbstractPluginManager - No plugins
Feb-27 11:04:56.083 [main] DEBUG nextflow.scm.ProviderConfig - Using SCM config path: /rds/general/user/ah3918/home/.nextflow/scm
Feb-27 11:04:56.856 [main] DEBUG nextflow.scm.AssetManager - Git config: /rds/general/user/ah3918/home/.nextflow/assets/nf-core/scdownstream/.git/config; branch: master; remote: origin; url: https://github.com/nf-core/scdownstream.git
Feb-27 11:04:56.884 [main] DEBUG nextflow.scm.RepositoryFactory - Found Git repository result: [RepositoryFactory]
Feb-27 11:04:56.892 [main] DEBUG nextflow.scm.AssetManager - Git config: /rds/general/user/ah3918/home/.nextflow/assets/nf-core/scdownstream/.git/config; branch: master; remote: origin; url: https://github.com/nf-core/scdownstream.git
Feb-27 11:04:57.552 [main] DEBUG nextflow.config.ConfigBuilder - Found config base: /rds/general/user/ah3918/home/.nextflow/assets/nf-core/scdownstream/nextflow.config
Feb-27 11:04:57.552 [main] DEBUG nextflow.config.ConfigBuilder - Found config local: /rds/general/ephemeral/user/ah3918/ephemeral/PROJECTS/PARISA/scRNA-seq_pipelines/nextflow.config
Feb-27 11:04:57.554 [main] DEBUG nextflow.config.ConfigBuilder - User config file: /rds/general/user/ah3918/ephemeral/PROJECTS/PARISA/scRNA-seq_pipelines/alex_test.config
Feb-27 11:04:57.555 [main] DEBUG nextflow.config.ConfigBuilder - Parsing config file: /rds/general/user/ah3918/home/.nextflow/assets/nf-core/scdownstream/nextflow.config
Feb-27 11:04:57.555 [main] DEBUG nextflow.config.ConfigBuilder - Parsing config file: /rds/general/ephemeral/user/ah3918/ephemeral/PROJECTS/PARISA/scRNA-seq_pipelines/nextflow.config
Feb-27 11:04:57.555 [main] DEBUG nextflow.config.ConfigBuilder - Parsing config file: /rds/general/user/ah3918/ephemeral/PROJECTS/PARISA/scRNA-seq_pipelines/alex_test.config
Feb-27 11:04:57.561 [main] DEBUG n.secret.LocalSecretsProvider - Secrets store: /rds/general/user/ah3918/home/.nextflow/secrets/store.json
Feb-27 11:04:57.563 [main] DEBUG nextflow.secret.SecretsLoader - Discovered secrets providers: [nextflow.secret.LocalSecretsProvider@1f884bd6] - activable => nextflow.secret.LocalSecretsProvider@1f884bd6
Feb-27 11:04:57.571 [main] DEBUG nextflow.config.ConfigBuilder - Applying config profile: `standard`
Feb-27 11:04:58.395 [main] DEBUG nextflow.config.ConfigBuilder - Applying config profile: `standard`
Feb-27 11:04:58.464 [main] DEBUG nextflow.config.ConfigBuilder - Applying config profile: `standard`
Feb-27 11:04:58.569 [main] DEBUG nextflow.cli.CmdRun - Applied DSL=2 by global default
Feb-27 11:04:58.570 [main] DEBUG nextflow.cli.CmdRun - Launching `https://github.com/nf-core/scdownstream` [fabulous_fermat] DSL2 - revision: 85a3ca5c56 [dev]
Feb-27 11:04:58.572 [main] DEBUG nextflow.plugin.PluginsFacade - Plugins declared=[nf-schema@2.1.1]
Feb-27 11:04:58.573 [main] DEBUG nextflow.plugin.PluginsFacade - Plugins default=[]
Feb-27 11:04:58.573 [main] DEBUG nextflow.plugin.PluginsFacade - Plugins resolved requirement=[nf-schema@2.1.1]
Feb-27 11:04:58.573 [main] DEBUG nextflow.plugin.PluginUpdater - Installing plugin nf-schema version: 2.1.1
Feb-27 11:04:58.718 [main] INFO  org.pf4j.AbstractPluginManager - Plugin 'nf-schema@2.1.1' resolved
Feb-27 11:04:58.718 [main] INFO  org.pf4j.AbstractPluginManager - Start plugin 'nf-schema@2.1.1'
Feb-27 11:04:58.723 [main] DEBUG nextflow.plugin.BasePlugin - Plugin started nf-schema@2.1.1
Feb-27 11:04:58.765 [main] DEBUG nextflow.Session - Session UUID: a73ea5c6-159a-4f4d-9ecf-94dc73cf6d79
Feb-27 11:04:58.765 [main] DEBUG nextflow.Session - Run name: fabulous_fermat
Feb-27 11:04:58.765 [main] DEBUG nextflow.Session - Executor pool size: 64
Feb-27 11:04:58.772 [main] DEBUG nextflow.file.FilePorter - File porter settings maxRetries=3; maxTransfers=50; pollTimeout=null
Feb-27 11:04:58.775 [main] DEBUG nextflow.util.ThreadPoolBuilder - Creating thread pool 'FileTransfer' minSize=10; maxSize=192; workQueue=LinkedBlockingQueue[10000]; allowCoreThreadTimeout=false
Feb-27 11:04:58.794 [main] DEBUG nextflow.cli.CmdRun - 
  Version: 24.10.3 build 5933
  Created: 16-12-2024 15:34 UTC (15:34 BST)
  System: Linux 4.18.0-477.27.1.el8_8.x86_64
  Runtime: Groovy 4.0.23 on OpenJDK 64-Bit Server VM 11.0.20+8
  Encoding: UTF-8 (UTF-8)
  Process: 1975898@login-ai.cx3.hpc.ic.ac.uk [2a0c:5bc0:89:a11:ba3f:d2ff:fe69:c072]
  CPUs: 64 - Mem: 32 GB (30.6 GB) - Swap: 0 (0)
Feb-27 11:04:58.809 [main] DEBUG nextflow.Session - Work-dir: /rds/general/user/ah3918/ephemeral/NEXTFLOW [gpfs]
Feb-27 11:04:58.810 [main] DEBUG nextflow.Session - Script base path does not exist or is not a directory: /rds/general/user/ah3918/home/.nextflow/assets/nf-core/scdownstream/bin
Feb-27 11:04:58.834 [main] DEBUG nextflow.executor.ExecutorFactory - Extension executors providers=[]
Feb-27 11:04:58.842 [main] DEBUG nextflow.Session - Observer factory: DefaultObserverFactory
Feb-27 11:04:58.881 [main] DEBUG nextflow.cache.CacheFactory - Using Nextflow cache factory: nextflow.cache.DefaultCacheFactory
Feb-27 11:04:58.890 [main] DEBUG nextflow.util.CustomThreadPool - Creating default thread pool > poolSize: 65; maxThreads: 1000
Feb-27 11:04:58.988 [main] DEBUG nextflow.Session - Session start
Feb-27 11:04:58.990 [main] DEBUG nextflow.trace.TraceFileObserver - Workflow started -- trace file: /rds/general/user/ah3918/projects/puklandmarkproject/ephemeral/outs/alex_test/pipeline_info/execution_trace_2025-02-27_11-04-57.txt
Feb-27 11:04:59.184 [main] DEBUG nextflow.script.ScriptRunner - > Launching execution
Feb-27 11:05:01.995 [main] DEBUG nextflow.script.IncludeDef - Loading included plugin extensions with names: [paramsSummaryMap:paramsSummaryMap]; plugin Id: nf-schema
Feb-27 11:05:02.370 [main] DEBUG nextflow.script.IncludeDef - Loading included plugin extensions with names: [paramsSummaryLog:paramsSummaryLog]; plugin Id: nf-schema
Feb-27 11:05:02.371 [main] DEBUG nextflow.script.IncludeDef - Loading included plugin extensions with names: [validateParameters:validateParameters]; plugin Id: nf-schema
Feb-27 11:05:02.372 [main] DEBUG nextflow.script.IncludeDef - Loading included plugin extensions with names: [paramsSummaryMap:paramsSummaryMap]; plugin Id: nf-schema
Feb-27 11:05:02.373 [main] DEBUG nextflow.script.IncludeDef - Loading included plugin extensions with names: [samplesheetToList:samplesheetToList]; plugin Id: nf-schema
Feb-27 11:05:02.522 [main] DEBUG nextflow.script.IncludeDef - Loading included plugin extensions with names: [paramsSummaryLog:paramsSummaryLog]; plugin Id: nf-schema
Feb-27 11:05:02.522 [main] DEBUG nextflow.script.IncludeDef - Loading included plugin extensions with names: [validateParameters:validateParameters]; plugin Id: nf-schema
Feb-27 11:05:02.524 [main] DEBUG nextflow.script.IncludeDef - Loading included plugin extensions with names: [paramsSummaryMap:paramsSummaryMap]; plugin Id: nf-schema
Feb-27 11:05:02.524 [main] DEBUG nextflow.script.IncludeDef - Loading included plugin extensions with names: [samplesheetToList:samplesheetToList]; plugin Id: nf-schema
Feb-27 11:05:02.712 [main] INFO  nextflow.Nextflow - 
-[2m----------------------------------------------------[0m-
                                        [0;32m,--.[0;30m/[0;32m,-.[0m
[0;34m        ___     __   __   __   ___     [0;32m/,-._.--~'[0m
[0;34m  |\ | |__  __ /  ` /  \ |__) |__         [0;33m}  {[0m
[0;34m  | \| |       \__, \__/ |  \ |___     [0;32m\`-._,-`-,[0m
                                        [0;32m`._,._,'[0m
[0;35m  nf-core/scdownstream 0.0.1dev[0m
-[2m----------------------------------------------------[0m-
[1mInput/output options[0m
  [0;34minput              : [0;32m/rds/general/user/ah3918/ephemeral/32human_epilep_scdownstream.csv[0m
  [0;34moutdir             : [0;32m/rds/general/user/ah3918/projects/puklandmarkproject/ephemeral/outs/alex_test/[0m

[1mPipeline options[0m
  [0;34mambient_removal    : [0;32mcellbender[0m
  [0;34mskip_liana         : [0;32mtrue[0m

[1mGeneric options[0m
  [0;34mtrace_report_suffix: [0;32m2025-02-27_11-04-57[0m

[1mCore Nextflow options[0m
  [0;34mrevision           : [0;32mdev[0m
  [0;34mrunName            : [0;32mfabulous_fermat[0m
  [0;34mcontainerEngine    : [0;32msingularity[0m
  [0;34mlaunchDir          : [0;32m/rds/general/ephemeral/user/ah3918/ephemeral/PROJECTS/PARISA/scRNA-seq_pipelines[0m
  [0;34mworkDir            : [0;32m/rds/general/user/ah3918/ephemeral/NEXTFLOW[0m
  [0;34mprojectDir         : [0;32m/rds/general/user/ah3918/home/.nextflow/assets/nf-core/scdownstream[0m
  [0;34muserName           : [0;32mah3918[0m
  [0;34mprofile            : [0;32mstandard[0m
  [0;34mconfigFiles        : [0;32m[0m

!! Only displaying parameters that differ from the pipeline defaults !!
-[2m----------------------------------------------------[0m-
* The nf-core framework
    https://doi.org/10.1038/s41587-020-0439-x

* Software dependencies
    https://github.com/nf-core/scdownstream/blob/master/CITATIONS.md

Feb-27 11:05:02.714 [main] DEBUG nextflow.validation.SchemaValidator - Starting parameters validation
Feb-27 11:05:02.916 [main] DEBUG nextflow.validation.SchemaEvaluator - Started validating /rds/general/user/ah3918/ephemeral/32human_epilep_scdownstream.csv
Feb-27 11:05:03.054 [main] DEBUG nextflow.validation.SchemaEvaluator - Validation of file '/rds/general/user/ah3918/ephemeral/32human_epilep_scdownstream.csv' passed!
Feb-27 11:05:03.055 [main] DEBUG nextflow.validation.SchemaValidator - Finishing parameters validation
Feb-27 11:05:03.286 [main] DEBUG nextflow.script.ProcessConfig - Config settings `withLabel:process_single` matches labels `process_single` for process with name NFCORE_SCDOWNSTREAM:SCDOWNSTREAM:PREPROCESS:SCANPY_READH5
Feb-27 11:05:03.294 [main] DEBUG nextflow.executor.ExecutorFactory - << taskConfig executor: pbspro
Feb-27 11:05:03.294 [main] DEBUG nextflow.executor.ExecutorFactory - >> processorType: 'pbspro'
Feb-27 11:05:03.302 [main] DEBUG nextflow.executor.Executor - [warm up] executor > pbspro
Feb-27 11:05:03.306 [main] DEBUG n.processor.TaskPollingMonitor - Creating task monitor for executor 'pbspro' > capacity: 100; pollInterval: 5s; dumpInterval: 5m 
Feb-27 11:05:03.308 [main] DEBUG n.processor.TaskPollingMonitor - >>> barrier register (monitor: pbspro)
Feb-27 11:05:03.310 [main] DEBUG n.executor.AbstractGridExecutor - Creating executor 'pbspro' > queue-stat-interval: 1m
Feb-27 11:05:03.356 [main] DEBUG nextflow.script.ProcessConfig - Config settings `withLabel:process_single` matches labels `process_single` for process with name NFCORE_SCDOWNSTREAM:SCDOWNSTREAM:PREPROCESS:ADATA_READRDS
Feb-27 11:05:03.357 [main] DEBUG nextflow.script.ProcessConfig - Config settings `withName:.*:PREPROCESS:ADATA_READRDS` matches process NFCORE_SCDOWNSTREAM:SCDOWNSTREAM:PREPROCESS:ADATA_READRDS
Feb-27 11:05:03.360 [main] DEBUG nextflow.executor.ExecutorFactory - << taskConfig executor: pbspro
Feb-27 11:05:03.360 [main] DEBUG nextflow.executor.ExecutorFactory - >> processorType: 'pbspro'
Feb-27 11:05:03.370 [main] DEBUG nextflow.script.ProcessConfig - Config settings `withLabel:process_single` matches labels `process_single` for process with name NFCORE_SCDOWNSTREAM:SCDOWNSTREAM:PREPROCESS:ADATA_READCSV
Feb-27 11:05:03.373 [main] DEBUG nextflow.executor.ExecutorFactory - << taskConfig executor: pbspro
Feb-27 11:05:03.373 [main] DEBUG nextflow.executor.ExecutorFactory - >> processorType: 'pbspro'
Feb-27 11:05:03.382 [main] DEBUG nextflow.script.ProcessConfig - Config settings `withLabel:process_single` matches labels `process_single` for process with name NFCORE_SCDOWNSTREAM:SCDOWNSTREAM:PREPROCESS:ADATA_UNIFY
Feb-27 11:05:03.383 [main] DEBUG nextflow.script.ProcessConfig - Config settings `withName:ADATA_UNIFY` matches process NFCORE_SCDOWNSTREAM:SCDOWNSTREAM:PREPROCESS:ADATA_UNIFY
Feb-27 11:05:03.386 [main] DEBUG nextflow.executor.ExecutorFactory - << taskConfig executor: pbspro
Feb-27 11:05:03.386 [main] DEBUG nextflow.executor.ExecutorFactory - >> processorType: 'pbspro'
Feb-27 11:05:03.395 [main] DEBUG nextflow.script.ProcessConfig - Config settings `withLabel:process_single` matches labels `process_single` for process with name NFCORE_SCDOWNSTREAM:SCDOWNSTREAM:PREPROCESS:GET_UNFILTERED_SIZE
Feb-27 11:05:03.395 [main] DEBUG nextflow.script.ProcessConfig - Config settings `withName:GET_.*_SIZE` matches process NFCORE_SCDOWNSTREAM:SCDOWNSTREAM:PREPROCESS:GET_UNFILTERED_SIZE
Feb-27 11:05:03.400 [main] DEBUG nextflow.executor.ExecutorFactory - << taskConfig executor: pbspro
Feb-27 11:05:03.400 [main] DEBUG nextflow.executor.ExecutorFactory - >> processorType: 'pbspro'
Feb-27 11:05:03.439 [main] DEBUG nextflow.script.ProcessConfig - Config settings `withLabel:process_medium` matches labels `process_medium,process_gpu` for process with name NFCORE_SCDOWNSTREAM:SCDOWNSTREAM:PREPROCESS:EMPTY_DROPLET_REMOVAL:CELLBENDER_REMOVEBACKGROUND
Feb-27 11:05:03.439 [main] DEBUG nextflow.script.ProcessConfig - Config settings `withLabel:process_gpu` matches labels `process_medium,process_gpu` for process with name NFCORE_SCDOWNSTREAM:SCDOWNSTREAM:PREPROCESS:EMPTY_DROPLET_REMOVAL:CELLBENDER_REMOVEBACKGROUND
Feb-27 11:05:03.440 [main] DEBUG nextflow.script.ProcessConfig - Config settings `withName:.*:EMPTY_DROPLET_REMOVAL:CELLBENDER_REMOVEBACKGROUND` matches process NFCORE_SCDOWNSTREAM:SCDOWNSTREAM:PREPROCESS:EMPTY_DROPLET_REMOVAL:CELLBENDER_REMOVEBACKGROUND
Feb-27 11:05:03.442 [main] DEBUG nextflow.executor.ExecutorFactory - << taskConfig executor: pbspro
Feb-27 11:05:03.442 [main] DEBUG nextflow.executor.ExecutorFactory - >> processorType: 'pbspro'
Feb-27 11:05:03.453 [main] DEBUG nextflow.script.ProcessConfig - Config settings `withLabel:process_single` matches labels `process_single` for process with name NFCORE_SCDOWNSTREAM:SCDOWNSTREAM:PREPROCESS:EMPTY_DROPLET_REMOVAL:ANNDATA_BARCODES
Feb-27 11:05:03.456 [main] DEBUG nextflow.executor.ExecutorFactory - << taskConfig executor: pbspro
Feb-27 11:05:03.456 [main] DEBUG nextflow.executor.ExecutorFactory - >> processorType: 'pbspro'
Feb-27 11:05:03.467 [main] DEBUG nextflow.script.ProcessConfig - Config settings `withLabel:process_single` matches labels `process_single` for process with name NFCORE_SCDOWNSTREAM:SCDOWNSTREAM:PREPROCESS:GET_FILTERED_SIZE
Feb-27 11:05:03.468 [main] DEBUG nextflow.script.ProcessConfig - Config settings `withName:GET_.*_SIZE` matches process NFCORE_SCDOWNSTREAM:SCDOWNSTREAM:PREPROCESS:GET_FILTERED_SIZE
Feb-27 11:05:03.469 [main] DEBUG nextflow.executor.ExecutorFactory - << taskConfig executor: pbspro
Feb-27 11:05:03.470 [main] DEBUG nextflow.executor.ExecutorFactory - >> processorType: 'pbspro'
Feb-27 11:05:03.478 [main] DEBUG nextflow.script.ProcessConfig - Config settings `withLabel:process_single` matches labels `process_single` for process with name NFCORE_SCDOWNSTREAM:SCDOWNSTREAM:PREPROCESS:QC_RAW
Feb-27 11:05:03.479 [main] DEBUG nextflow.script.ProcessConfig - Config settings `withName:QC_RAW` matches process NFCORE_SCDOWNSTREAM:SCDOWNSTREAM:PREPROCESS:QC_RAW
Feb-27 11:05:03.480 [main] DEBUG nextflow.executor.ExecutorFactory - << taskConfig executor: pbspro
Feb-27 11:05:03.480 [main] DEBUG nextflow.executor.ExecutorFactory - >> processorType: 'pbspro'
Feb-27 11:05:03.493 [main] DEBUG nextflow.script.ProcessConfig - Config settings `withLabel:process_medium` matches labels `process_medium,process_gpu` for process with name NFCORE_SCDOWNSTREAM:SCDOWNSTREAM:PREPROCESS:AMBIENT_RNA_REMOVAL:CELLBENDER_REMOVEBACKGROUND
Feb-27 11:05:03.493 [main] DEBUG nextflow.script.ProcessConfig - Config settings `withLabel:process_gpu` matches labels `process_medium,process_gpu` for process with name NFCORE_SCDOWNSTREAM:SCDOWNSTREAM:PREPROCESS:AMBIENT_RNA_REMOVAL:CELLBENDER_REMOVEBACKGROUND
Feb-27 11:05:03.493 [main] DEBUG nextflow.script.ProcessConfig - Config settings `withName:.*:AMBIENT_RNA_REMOVAL:CELLBENDER_REMOVEBACKGROUND` matches process NFCORE_SCDOWNSTREAM:SCDOWNSTREAM:PREPROCESS:AMBIENT_RNA_REMOVAL:CELLBENDER_REMOVEBACKGROUND
Feb-27 11:05:03.494 [main] DEBUG nextflow.script.ProcessConfig - Config settings `withName:NFCORE_SCDOWNSTREAM:SCDOWNSTREAM:PREPROCESS:AMBIENT_RNA_REMOVAL:CELLBENDER_REMOVEBACKGROUND` matches process NFCORE_SCDOWNSTREAM:SCDOWNSTREAM:PREPROCESS:AMBIENT_RNA_REMOVAL:CELLBENDER_REMOVEBACKGROUND
Feb-27 11:05:03.496 [main] DEBUG nextflow.executor.ExecutorFactory - << taskConfig executor: pbspro
Feb-27 11:05:03.496 [main] DEBUG nextflow.executor.ExecutorFactory - >> processorType: 'pbspro'
Feb-27 11:05:03.509 [main] DEBUG nextflow.script.ProcessConfig - Config settings `withLabel:process_single` matches labels `process_single` for process with name NFCORE_SCDOWNSTREAM:SCDOWNSTREAM:PREPROCESS:AMBIENT_RNA_REMOVAL:CELLBENDER_MERGE
Feb-27 11:05:03.510 [main] DEBUG nextflow.script.ProcessConfig - Config settings `withName:.*:AMBIENT_RNA_REMOVAL:CELLBENDER_MERGE` matches process NFCORE_SCDOWNSTREAM:SCDOWNSTREAM:PREPROCESS:AMBIENT_RNA_REMOVAL:CELLBENDER_MERGE
Feb-27 11:05:03.511 [main] DEBUG nextflow.executor.ExecutorFactory - << taskConfig executor: pbspro
Feb-27 11:05:03.511 [main] DEBUG nextflow.executor.ExecutorFactory - >> processorType: 'pbspro'
Feb-27 11:05:03.519 [main] DEBUG nextflow.script.ProcessConfig - Config settings `withLabel:process_low` matches labels `process_low` for process with name NFCORE_SCDOWNSTREAM:SCDOWNSTREAM:PREPROCESS:SCANPY_FILTER
Feb-27 11:05:03.519 [main] DEBUG nextflow.script.ProcessConfig - Config settings `withName:SCANPY_FILTER` matches process NFCORE_SCDOWNSTREAM:SCDOWNSTREAM:PREPROCESS:SCANPY_FILTER
Feb-27 11:05:03.520 [main] DEBUG nextflow.executor.ExecutorFactory - << taskConfig executor: pbspro
Feb-27 11:05:03.520 [main] DEBUG nextflow.executor.ExecutorFactory - >> processorType: 'pbspro'
Feb-27 11:05:03.530 [main] DEBUG nextflow.script.ProcessConfig - Config settings `withLabel:process_single` matches labels `process_single` for process with name NFCORE_SCDOWNSTREAM:SCDOWNSTREAM:PREPROCESS:GET_THRESHOLDED_SIZE
Feb-27 11:05:03.532 [main] DEBUG nextflow.script.ProcessConfig - Config settings `withName:GET_.*_SIZE` matches process NFCORE_SCDOWNSTREAM:SCDOWNSTREAM:PREPROCESS:GET_THRESHOLDED_SIZE
Feb-27 11:05:03.533 [main] DEBUG nextflow.executor.ExecutorFactory - << taskConfig executor: pbspro
Feb-27 11:05:03.533 [main] DEBUG nextflow.executor.ExecutorFactory - >> processorType: 'pbspro'
Feb-27 11:05:03.545 [main] DEBUG nextflow.script.ProcessConfig - Config settings `withLabel:process_medium` matches labels `process_medium,process_gpu` for process with name NFCORE_SCDOWNSTREAM:SCDOWNSTREAM:PREPROCESS:DOUBLET_DETECTION:SCANPY_SCRUBLET
Feb-27 11:05:03.545 [main] DEBUG nextflow.script.ProcessConfig - Config settings `withLabel:process_gpu` matches labels `process_medium,process_gpu` for process with name NFCORE_SCDOWNSTREAM:SCDOWNSTREAM:PREPROCESS:DOUBLET_DETECTION:SCANPY_SCRUBLET
Feb-27 11:05:03.545 [main] DEBUG nextflow.script.ProcessConfig - Config settings `withName:SCANPY_SCRUBLET` matches process NFCORE_SCDOWNSTREAM:SCDOWNSTREAM:PREPROCESS:DOUBLET_DETECTION:SCANPY_SCRUBLET
Feb-27 11:05:03.547 [main] DEBUG nextflow.executor.ExecutorFactory - << taskConfig executor: pbspro
Feb-27 11:05:03.547 [main] DEBUG nextflow.executor.ExecutorFactory - >> processorType: 'pbspro'
Feb-27 11:05:03.558 [main] DEBUG nextflow.script.ProcessConfig - Config settings `withLabel:process_single` matches labels `process_single` for process with name NFCORE_SCDOWNSTREAM:SCDOWNSTREAM:PREPROCESS:DOUBLET_DETECTION:DOUBLET_REMOVAL
Feb-27 11:05:03.559 [main] DEBUG nextflow.script.ProcessConfig - Config settings `withName:DOUBLET_REMOVAL` matches process NFCORE_SCDOWNSTREAM:SCDOWNSTREAM:PREPROCESS:DOUBLET_DETECTION:DOUBLET_REMOVAL
Feb-27 11:05:03.561 [main] DEBUG nextflow.executor.ExecutorFactory - << taskConfig executor: pbspro
Feb-27 11:05:03.561 [main] DEBUG nextflow.executor.ExecutorFactory - >> processorType: 'pbspro'
Feb-27 11:05:03.570 [main] DEBUG nextflow.script.ProcessConfig - Config settings `withLabel:process_single` matches labels `process_single` for process with name NFCORE_SCDOWNSTREAM:SCDOWNSTREAM:PREPROCESS:GET_DEDOUBLETED_SIZE
Feb-27 11:05:03.571 [main] DEBUG nextflow.script.ProcessConfig - Config settings `withName:GET_.*_SIZE` matches process NFCORE_SCDOWNSTREAM:SCDOWNSTREAM:PREPROCESS:GET_DEDOUBLETED_SIZE
Feb-27 11:05:03.572 [main] DEBUG nextflow.executor.ExecutorFactory - << taskConfig executor: pbspro
Feb-27 11:05:03.573 [main] DEBUG nextflow.executor.ExecutorFactory - >> processorType: 'pbspro'
Feb-27 11:05:03.578 [main] DEBUG nextflow.script.ProcessConfig - Config settings `withLabel:process_single` matches labels `process_single` for process with name NFCORE_SCDOWNSTREAM:SCDOWNSTREAM:PREPROCESS:QC_FILTERED
Feb-27 11:05:03.579 [main] DEBUG nextflow.script.ProcessConfig - Config settings `withName:QC_FILTERED` matches process NFCORE_SCDOWNSTREAM:SCDOWNSTREAM:PREPROCESS:QC_FILTERED
Feb-27 11:05:03.580 [main] DEBUG nextflow.executor.ExecutorFactory - << taskConfig executor: pbspro
Feb-27 11:05:03.580 [main] DEBUG nextflow.executor.ExecutorFactory - >> processorType: 'pbspro'
Feb-27 11:05:03.602 [main] DEBUG nextflow.script.ProcessConfig - Config settings `withLabel:process_single` matches labels `process_single` for process with name NFCORE_SCDOWNSTREAM:SCDOWNSTREAM:PREPROCESS:COLLECT_SIZES
Feb-27 11:05:03.602 [main] DEBUG nextflow.script.ProcessConfig - Config settings `withName:COLLECT_SIZES` matches process NFCORE_SCDOWNSTREAM:SCDOWNSTREAM:PREPROCESS:COLLECT_SIZES
Feb-27 11:05:03.604 [main] DEBUG nextflow.executor.ExecutorFactory - << taskConfig executor: pbspro
Feb-27 11:05:03.604 [main] DEBUG nextflow.executor.ExecutorFactory - >> processorType: 'pbspro'
Feb-27 11:05:03.619 [main] DEBUG nextflow.script.ProcessConfig - Config settings `withLabel:process_medium` matches labels `process_medium,process_high_memory` for process with name NFCORE_SCDOWNSTREAM:SCDOWNSTREAM:COMBINE:ADATA_MERGE
Feb-27 11:05:03.620 [main] DEBUG nextflow.script.ProcessConfig - Config settings `withLabel:process_high_memory` matches labels `process_medium,process_high_memory` for process with name NFCORE_SCDOWNSTREAM:SCDOWNSTREAM:COMBINE:ADATA_MERGE
Feb-27 11:05:03.620 [main] DEBUG nextflow.script.ProcessConfig - Config settings `withName:ADATA_MERGE` matches process NFCORE_SCDOWNSTREAM:SCDOWNSTREAM:COMBINE:ADATA_MERGE
Feb-27 11:05:03.622 [main] DEBUG nextflow.executor.ExecutorFactory - << taskConfig executor: pbspro
Feb-27 11:05:03.622 [main] DEBUG nextflow.executor.ExecutorFactory - >> processorType: 'pbspro'
Feb-27 11:05:03.629 [main] DEBUG nextflow.script.ProcessConfig - Config settings `withLabel:process_medium` matches labels `process_medium` for process with name NFCORE_SCDOWNSTREAM:SCDOWNSTREAM:COMBINE:ADATA_UPSETGENES
Feb-27 11:05:03.629 [main] DEBUG nextflow.script.ProcessConfig - Config settings `withName:ADATA_UPSETGENES` matches process NFCORE_SCDOWNSTREAM:SCDOWNSTREAM:COMBINE:ADATA_UPSETGENES
Feb-27 11:05:03.631 [main] DEBUG nextflow.executor.ExecutorFactory - << taskConfig executor: pbspro
Feb-27 11:05:03.631 [main] DEBUG nextflow.executor.ExecutorFactory - >> processorType: 'pbspro'
Feb-27 11:05:03.640 [main] DEBUG nextflow.script.ProcessConfig - Config settings `withLabel:process_medium` matches labels `process_medium,process_gpu` for process with name NFCORE_SCDOWNSTREAM:SCDOWNSTREAM:COMBINE:INTEGRATE:SCANPY_HVGS
Feb-27 11:05:03.641 [main] DEBUG nextflow.script.ProcessConfig - Config settings `withLabel:process_gpu` matches labels `process_medium,process_gpu` for process with name NFCORE_SCDOWNSTREAM:SCDOWNSTREAM:COMBINE:INTEGRATE:SCANPY_HVGS
Feb-27 11:05:03.641 [main] DEBUG nextflow.script.ProcessConfig - Config settings `withName:SCANPY_HVGS` matches process NFCORE_SCDOWNSTREAM:SCDOWNSTREAM:COMBINE:INTEGRATE:SCANPY_HVGS
Feb-27 11:05:03.642 [main] DEBUG nextflow.executor.ExecutorFactory - << taskConfig executor: pbspro
Feb-27 11:05:03.642 [main] DEBUG nextflow.executor.ExecutorFactory - >> processorType: 'pbspro'
Feb-27 11:05:03.651 [main] DEBUG nextflow.script.ProcessConfig - Config settings `withLabel:process_medium` matches labels `process_medium,process_gpu` for process with name NFCORE_SCDOWNSTREAM:SCDOWNSTREAM:COMBINE:INTEGRATE:SCVITOOLS_SCVI
Feb-27 11:05:03.651 [main] DEBUG nextflow.script.ProcessConfig - Config settings `withLabel:process_gpu` matches labels `process_medium,process_gpu` for process with name NFCORE_SCDOWNSTREAM:SCDOWNSTREAM:COMBINE:INTEGRATE:SCVITOOLS_SCVI
Feb-27 11:05:03.652 [main] DEBUG nextflow.script.ProcessConfig - Config settings `withName:SCVITOOLS_SCVI` matches process NFCORE_SCDOWNSTREAM:SCDOWNSTREAM:COMBINE:INTEGRATE:SCVITOOLS_SCVI
Feb-27 11:05:03.653 [main] DEBUG nextflow.executor.ExecutorFactory - << taskConfig executor: pbspro
Feb-27 11:05:03.653 [main] DEBUG nextflow.executor.ExecutorFactory - >> processorType: 'pbspro'
Feb-27 11:05:03.684 [main] DEBUG nextflow.script.ProcessConfig - Config settings `withLabel:process_medium` matches labels `process_medium,process_gpu` for process with name NFCORE_SCDOWNSTREAM:SCDOWNSTREAM:CLUSTER:SCANPY_NEIGHBORS
Feb-27 11:05:03.684 [main] DEBUG nextflow.script.ProcessConfig - Config settings `withLabel:process_gpu` matches labels `process_medium,process_gpu` for process with name NFCORE_SCDOWNSTREAM:SCDOWNSTREAM:CLUSTER:SCANPY_NEIGHBORS
Feb-27 11:05:03.685 [main] DEBUG nextflow.script.ProcessConfig - Config settings `withName:SCANPY_NEIGHBORS` matches process NFCORE_SCDOWNSTREAM:SCDOWNSTREAM:CLUSTER:SCANPY_NEIGHBORS
Feb-27 11:05:03.686 [main] DEBUG nextflow.executor.ExecutorFactory - << taskConfig executor: pbspro
Feb-27 11:05:03.686 [main] DEBUG nextflow.executor.ExecutorFactory - >> processorType: 'pbspro'
Feb-27 11:05:03.693 [main] DEBUG nextflow.script.ProcessConfig - Config settings `withLabel:process_medium` matches labels `process_medium,process_gpu` for process with name NFCORE_SCDOWNSTREAM:SCDOWNSTREAM:CLUSTER:SCANPY_UMAP
Feb-27 11:05:03.693 [main] DEBUG nextflow.script.ProcessConfig - Config settings `withLabel:process_gpu` matches labels `process_medium,process_gpu` for process with name NFCORE_SCDOWNSTREAM:SCDOWNSTREAM:CLUSTER:SCANPY_UMAP
Feb-27 11:05:03.693 [main] DEBUG nextflow.script.ProcessConfig - Config settings `withName:SCANPY_UMAP` matches process NFCORE_SCDOWNSTREAM:SCDOWNSTREAM:CLUSTER:SCANPY_UMAP
Feb-27 11:05:03.695 [main] DEBUG nextflow.executor.ExecutorFactory - << taskConfig executor: pbspro
Feb-27 11:05:03.695 [main] DEBUG nextflow.executor.ExecutorFactory - >> processorType: 'pbspro'
Feb-27 11:05:03.713 [main] DEBUG nextflow.script.ProcessConfig - Config settings `withLabel:process_medium` matches labels `process_medium,process_gpu` for process with name NFCORE_SCDOWNSTREAM:SCDOWNSTREAM:CLUSTER:SCANPY_LEIDEN
Feb-27 11:05:03.713 [main] DEBUG nextflow.script.ProcessConfig - Config settings `withLabel:process_gpu` matches labels `process_medium,process_gpu` for process with name NFCORE_SCDOWNSTREAM:SCDOWNSTREAM:CLUSTER:SCANPY_LEIDEN
Feb-27 11:05:03.713 [main] DEBUG nextflow.script.ProcessConfig - Config settings `withName:SCANPY_LEIDEN` matches process NFCORE_SCDOWNSTREAM:SCDOWNSTREAM:CLUSTER:SCANPY_LEIDEN
Feb-27 11:05:03.714 [main] DEBUG nextflow.executor.ExecutorFactory - << taskConfig executor: pbspro
Feb-27 11:05:03.715 [main] DEBUG nextflow.executor.ExecutorFactory - >> processorType: 'pbspro'
Feb-27 11:05:03.736 [main] DEBUG nextflow.script.ProcessConfig - Config settings `withLabel:process_medium` matches labels `process_medium` for process with name NFCORE_SCDOWNSTREAM:SCDOWNSTREAM:PER_GROUP:SCANPY_PAGA
Feb-27 11:05:03.737 [main] DEBUG nextflow.script.ProcessConfig - Config settings `withName:SCANPY_PAGA` matches process NFCORE_SCDOWNSTREAM:SCDOWNSTREAM:PER_GROUP:SCANPY_PAGA
Feb-27 11:05:03.739 [main] DEBUG nextflow.executor.ExecutorFactory - << taskConfig executor: pbspro
Feb-27 11:05:03.739 [main] DEBUG nextflow.executor.ExecutorFactory - >> processorType: 'pbspro'
Feb-27 11:05:03.748 [main] DEBUG nextflow.script.ProcessConfig - Config settings `withLabel:process_medium` matches labels `process_medium,process_gpu` for process with name NFCORE_SCDOWNSTREAM:SCDOWNSTREAM:PER_GROUP:SCANPY_RANKGENESGROUPS
Feb-27 11:05:03.748 [main] DEBUG nextflow.script.ProcessConfig - Config settings `withLabel:process_gpu` matches labels `process_medium,process_gpu` for process with name NFCORE_SCDOWNSTREAM:SCDOWNSTREAM:PER_GROUP:SCANPY_RANKGENESGROUPS
Feb-27 11:05:03.749 [main] DEBUG nextflow.script.ProcessConfig - Config settings `withName:SCANPY_RANKGENESGROUPS` matches process NFCORE_SCDOWNSTREAM:SCDOWNSTREAM:PER_GROUP:SCANPY_RANKGENESGROUPS
Feb-27 11:05:03.750 [main] DEBUG nextflow.executor.ExecutorFactory - << taskConfig executor: pbspro
Feb-27 11:05:03.750 [main] DEBUG nextflow.executor.ExecutorFactory - >> processorType: 'pbspro'
Feb-27 11:05:03.783 [main] DEBUG nextflow.script.ProcessConfig - Config settings `withLabel:process_medium` matches labels `process_medium` for process with name NFCORE_SCDOWNSTREAM:SCDOWNSTREAM:FINALIZE:ADATA_EXTEND
Feb-27 11:05:03.783 [main] DEBUG nextflow.script.ProcessConfig - Config settings `withName:.*:FINALIZE:ADATA_EXTEND` matches process NFCORE_SCDOWNSTREAM:SCDOWNSTREAM:FINALIZE:ADATA_EXTEND
Feb-27 11:05:03.784 [main] DEBUG nextflow.executor.ExecutorFactory - << taskConfig executor: pbspro
Feb-27 11:05:03.785 [main] DEBUG nextflow.executor.ExecutorFactory - >> processorType: 'pbspro'
Feb-27 11:05:03.792 [main] DEBUG nextflow.script.ProcessConfig - Config settings `withLabel:process_medium` matches labels `process_medium` for process with name NFCORE_SCDOWNSTREAM:SCDOWNSTREAM:FINALIZE:ADATA_TORDS
Feb-27 11:05:03.793 [main] DEBUG nextflow.script.ProcessConfig - Config settings `withName:.*:FINALIZE:ADATA_TORDS` matches process NFCORE_SCDOWNSTREAM:SCDOWNSTREAM:FINALIZE:ADATA_TORDS
Feb-27 11:05:03.794 [main] DEBUG nextflow.executor.ExecutorFactory - << taskConfig executor: pbspro
Feb-27 11:05:03.794 [main] DEBUG nextflow.executor.ExecutorFactory - >> processorType: 'pbspro'
Feb-27 11:05:03.855 [main] DEBUG nextflow.script.ProcessConfig - Config settings `withLabel:process_single` matches labels `process_single` for process with name NFCORE_SCDOWNSTREAM:SCDOWNSTREAM:MULTIQC
Feb-27 11:05:03.856 [main] DEBUG nextflow.script.ProcessConfig - Config settings `withName:MULTIQC` matches process NFCORE_SCDOWNSTREAM:SCDOWNSTREAM:MULTIQC
Feb-27 11:05:03.858 [main] DEBUG nextflow.executor.ExecutorFactory - << taskConfig executor: pbspro
Feb-27 11:05:03.858 [main] DEBUG nextflow.executor.ExecutorFactory - >> processorType: 'pbspro'
Feb-27 11:05:03.867 [main] DEBUG nextflow.Session - Config process names validation disabled as requested
Feb-27 11:05:03.868 [main] DEBUG nextflow.Session - Igniting dataflow network (84)
Feb-27 11:05:03.872 [main] DEBUG nextflow.processor.TaskProcessor - Starting process > NFCORE_SCDOWNSTREAM:SCDOWNSTREAM:PREPROCESS:SCANPY_READH5
Feb-27 11:05:03.874 [main] DEBUG nextflow.processor.TaskProcessor - Starting process > NFCORE_SCDOWNSTREAM:SCDOWNSTREAM:PREPROCESS:ADATA_READRDS
Feb-27 11:05:03.874 [main] DEBUG nextflow.processor.TaskProcessor - Starting process > NFCORE_SCDOWNSTREAM:SCDOWNSTREAM:PREPROCESS:ADATA_READCSV
Feb-27 11:05:03.875 [main] DEBUG nextflow.processor.TaskProcessor - Starting process > NFCORE_SCDOWNSTREAM:SCDOWNSTREAM:PREPROCESS:ADATA_UNIFY
Feb-27 11:05:03.875 [main] DEBUG nextflow.processor.TaskProcessor - Starting process > NFCORE_SCDOWNSTREAM:SCDOWNSTREAM:PREPROCESS:GET_UNFILTERED_SIZE
Feb-27 11:05:03.877 [main] DEBUG nextflow.processor.TaskProcessor - Starting process > NFCORE_SCDOWNSTREAM:SCDOWNSTREAM:PREPROCESS:EMPTY_DROPLET_REMOVAL:CELLBENDER_REMOVEBACKGROUND
Feb-27 11:05:03.877 [main] DEBUG nextflow.processor.TaskProcessor - Starting process > NFCORE_SCDOWNSTREAM:SCDOWNSTREAM:PREPROCESS:EMPTY_DROPLET_REMOVAL:ANNDATA_BARCODES
Feb-27 11:05:03.877 [main] DEBUG nextflow.processor.TaskProcessor - Starting process > NFCORE_SCDOWNSTREAM:SCDOWNSTREAM:PREPROCESS:GET_FILTERED_SIZE
Feb-27 11:05:03.877 [main] DEBUG nextflow.processor.TaskProcessor - Starting process > NFCORE_SCDOWNSTREAM:SCDOWNSTREAM:PREPROCESS:QC_RAW
Feb-27 11:05:03.877 [main] DEBUG nextflow.processor.TaskProcessor - Starting process > NFCORE_SCDOWNSTREAM:SCDOWNSTREAM:PREPROCESS:AMBIENT_RNA_REMOVAL:CELLBENDER_REMOVEBACKGROUND
Feb-27 11:05:03.877 [main] DEBUG nextflow.processor.TaskProcessor - Starting process > NFCORE_SCDOWNSTREAM:SCDOWNSTREAM:PREPROCESS:AMBIENT_RNA_REMOVAL:CELLBENDER_MERGE
Feb-27 11:05:03.878 [main] DEBUG nextflow.processor.TaskProcessor - Starting process > NFCORE_SCDOWNSTREAM:SCDOWNSTREAM:PREPROCESS:SCANPY_FILTER
Feb-27 11:05:03.878 [main] DEBUG nextflow.processor.TaskProcessor - Starting process > NFCORE_SCDOWNSTREAM:SCDOWNSTREAM:PREPROCESS:GET_THRESHOLDED_SIZE
Feb-27 11:05:03.878 [main] DEBUG nextflow.processor.TaskProcessor - Starting process > NFCORE_SCDOWNSTREAM:SCDOWNSTREAM:PREPROCESS:DOUBLET_DETECTION:SCANPY_SCRUBLET
Feb-27 11:05:03.878 [main] DEBUG nextflow.processor.TaskProcessor - Starting process > NFCORE_SCDOWNSTREAM:SCDOWNSTREAM:PREPROCESS:DOUBLET_DETECTION:DOUBLET_REMOVAL
Feb-27 11:05:03.879 [main] DEBUG nextflow.processor.TaskProcessor - Starting process > NFCORE_SCDOWNSTREAM:SCDOWNSTREAM:PREPROCESS:GET_DEDOUBLETED_SIZE
Feb-27 11:05:03.879 [main] DEBUG nextflow.processor.TaskProcessor - Starting process > NFCORE_SCDOWNSTREAM:SCDOWNSTREAM:PREPROCESS:QC_FILTERED
Feb-27 11:05:03.879 [main] DEBUG nextflow.processor.TaskProcessor - Starting process > NFCORE_SCDOWNSTREAM:SCDOWNSTREAM:PREPROCESS:COLLECT_SIZES
Feb-27 11:05:03.880 [main] DEBUG nextflow.processor.TaskProcessor - Starting process > NFCORE_SCDOWNSTREAM:SCDOWNSTREAM:COMBINE:ADATA_MERGE
Feb-27 11:05:03.880 [main] DEBUG nextflow.processor.TaskProcessor - Starting process > NFCORE_SCDOWNSTREAM:SCDOWNSTREAM:COMBINE:ADATA_UPSETGENES
Feb-27 11:05:03.880 [main] DEBUG nextflow.processor.TaskProcessor - Starting process > NFCORE_SCDOWNSTREAM:SCDOWNSTREAM:COMBINE:INTEGRATE:SCANPY_HVGS
Feb-27 11:05:03.880 [main] DEBUG nextflow.processor.TaskProcessor - Starting process > NFCORE_SCDOWNSTREAM:SCDOWNSTREAM:COMBINE:INTEGRATE:SCVITOOLS_SCVI
Feb-27 11:05:03.880 [main] DEBUG nextflow.processor.TaskProcessor - Starting process > NFCORE_SCDOWNSTREAM:SCDOWNSTREAM:CLUSTER:SCANPY_NEIGHBORS
Feb-27 11:05:03.881 [main] DEBUG nextflow.processor.TaskProcessor - Starting process > NFCORE_SCDOWNSTREAM:SCDOWNSTREAM:CLUSTER:SCANPY_UMAP
Feb-27 11:05:03.881 [main] DEBUG nextflow.processor.TaskProcessor - Starting process > NFCORE_SCDOWNSTREAM:SCDOWNSTREAM:CLUSTER:SCANPY_LEIDEN
Feb-27 11:05:03.882 [main] DEBUG nextflow.processor.TaskProcessor - Starting process > NFCORE_SCDOWNSTREAM:SCDOWNSTREAM:PER_GROUP:SCANPY_PAGA
Feb-27 11:05:03.882 [main] DEBUG nextflow.processor.TaskProcessor - Starting process > NFCORE_SCDOWNSTREAM:SCDOWNSTREAM:PER_GROUP:SCANPY_RANKGENESGROUPS
Feb-27 11:05:03.882 [main] DEBUG nextflow.processor.TaskProcessor - Starting process > NFCORE_SCDOWNSTREAM:SCDOWNSTREAM:FINALIZE:ADATA_EXTEND
Feb-27 11:05:03.882 [main] DEBUG nextflow.processor.TaskProcessor - Starting process > NFCORE_SCDOWNSTREAM:SCDOWNSTREAM:FINALIZE:ADATA_TORDS
Feb-27 11:05:03.896 [main] DEBUG nextflow.processor.TaskProcessor - Starting process > NFCORE_SCDOWNSTREAM:SCDOWNSTREAM:MULTIQC
Feb-27 11:05:03.898 [main] DEBUG nextflow.script.ScriptRunner - Parsed script files:
  Script_38cf4745e58db388: /rds/general/user/ah3918/home/.nextflow/assets/nf-core/scdownstream/./workflows/../subworkflows/local/../../modules/local/adata/splitcol/main.nf
  Script_3ab2bb91ca1cd74b: /rds/general/user/ah3918/home/.nextflow/assets/nf-core/scdownstream/./workflows/../subworkflows/local/celltype_assignment.nf
  Script_e6ef897a240b9555: /rds/general/user/ah3918/home/.nextflow/assets/nf-core/scdownstream/./workflows/../subworkflows/local/./../../modules/local/scanpy/scrublet/main.nf
  Script_375d7500815c6b35: /rds/general/user/ah3918/home/.nextflow/assets/nf-core/scdownstream/./workflows/../subworkflows/local/./../../modules/nf-core/scvitools/scar/main.nf
  Script_8f1867a3f5326cba: /rds/general/user/ah3918/home/.nextflow/assets/nf-core/scdownstream/./workflows/../subworkflows/local/./../../modules/local/scanpy/combat/main.nf
  Script_6affa99322315a69: /rds/general/user/ah3918/home/.nextflow/assets/nf-core/scdownstream/./workflows/../subworkflows/local/../../modules/local/scanpy/paga/main.nf
  Script_5b6ddae88d823437: /rds/general/user/ah3918/home/.nextflow/assets/nf-core/scdownstream/./workflows/../subworkflows/local/../../modules/local/adata/unify/main.nf
  Script_4955288afd8ca61e: /rds/general/user/ah3918/home/.nextflow/assets/nf-core/scdownstream/./workflows/../modules/nf-core/multiqc/main.nf
  Script_b285f1efdaa47f3f: /rds/general/user/ah3918/home/.nextflow/assets/nf-core/scdownstream/./workflows/../subworkflows/local/./../../modules/local/seurat/integration/main.nf
  Script_81ec1c01aaabf623: /rds/general/user/ah3918/home/.nextflow/assets/nf-core/scdownstream/./workflows/../subworkflows/local/../../modules/local/scanpy/filter/main.nf
  Script_5b48376fc3a5a0aa: /rds/general/user/ah3918/home/.nextflow/assets/nf-core/scdownstream/./workflows/../subworkflows/local/../../modules/local/celltypes/celltypist/main.nf
  Script_a99e478aac50b426: /rds/general/user/ah3918/home/.nextflow/assets/nf-core/scdownstream/./workflows/../subworkflows/local/finalize.nf
  Script_d423a35d190ceab5: /rds/general/user/ah3918/home/.nextflow/assets/nf-core/scdownstream/./workflows/../subworkflows/local/cluster.nf
  Script_0f5f122acc3c6e5f: /rds/general/user/ah3918/home/.nextflow/assets/nf-core/scdownstream/./workflows/../subworkflows/local/./../../modules/local/scanpy/harmony/main.nf
  Script_eef34f43c42697b2: /rds/general/user/ah3918/home/.nextflow/assets/nf-core/scdownstream/./workflows/../subworkflows/local/./../../modules/nf-core/scvitools/solo/main.nf
  Script_cf9dd5cb70a9c6d1: /rds/general/user/ah3918/home/.nextflow/assets/nf-core/scdownstream/./workflows/../subworkflows/local/../../modules/local/scanpy/neighbors/main.nf
  Script_e83537194ed4d90a: /rds/general/user/ah3918/home/.nextflow/assets/nf-core/scdownstream/./workflows/../subworkflows/local/./doublet_detection.nf
  Script_012ad57baa6ae37c: /rds/general/user/ah3918/home/.nextflow/assets/nf-core/scdownstream/./workflows/../subworkflows/local/./ambient_rna_removal.nf
  Script_aece3b8eb839ecfd: /rds/general/user/ah3918/home/.nextflow/assets/nf-core/scdownstream/./workflows/../subworkflows/local/../../modules/local/adata/mergeembeddings/main.nf
  Script_83e3f577431689c8: /rds/general/user/ah3918/home/.nextflow/assets/nf-core/scdownstream/./workflows/../subworkflows/local/../../modules/local/adata/getsize/main.nf
  Script_a952a5df9c45380c: /rds/general/user/ah3918/home/.nextflow/assets/nf-core/scdownstream/./workflows/../subworkflows/local/./../../modules/local/adata/readrds/main.nf
  Script_13cc31d2ef8fc15e: /rds/general/user/ah3918/home/.nextflow/assets/nf-core/scdownstream/./workflows/../subworkflows/local/./../../modules/local/integration/bbknn/main.nf
  Script_548dbc92fe210979: /rds/general/user/ah3918/home/.nextflow/assets/nf-core/scdownstream/./workflows/../subworkflows/local/../../modules/local/scanpy/leiden/main.nf
  Script_ed5ef180160f00d3: /rds/general/user/ah3918/home/.nextflow/assets/nf-core/scdownstream/./subworkflows/local/utils_nfcore_scdownstream_pipeline/main.nf
  Script_8f7f57db8b48c730: /rds/general/user/ah3918/home/.nextflow/assets/nf-core/scdownstream/./workflows/../subworkflows/local/../../modules/local/adata/tords/main.nf
  Script_da7b07a77603984c: /rds/general/user/ah3918/home/.nextflow/assets/nf-core/scdownstream/./workflows/../subworkflows/local/combine.nf
  Script_8aa705ce24995eed: /rds/general/user/ah3918/home/.nextflow/assets/nf-core/scdownstream/./workflows/../subworkflows/local/./../../modules/local/doublet_detection/scds/main.nf
  Script_fd0e7dfc9ff2497a: /rds/general/user/ah3918/home/.nextflow/assets/nf-core/scdownstream/./workflows/../subworkflows/local/../../modules/local/liana/rankaggregate/main.nf
  Script_d00a6767bd6b835a: /rds/general/user/ah3918/home/.nextflow/assets/nf-core/scdownstream/./workflows/../subworkflows/local/../../modules/local/scanpy/readh5/main.nf
  Script_e8790928a77e2bc6: /rds/general/user/ah3918/home/.nextflow/assets/nf-core/scdownstream/./workflows/../subworkflows/local/../../modules/local/adata/readcsv/main.nf
  Script_2e1248d777fd3a83: /rds/general/user/ah3918/home/.nextflow/assets/nf-core/scdownstream/./workflows/../modules/local/adata/splitembeddings/main.nf
  Script_a415462e1630ff87: /rds/general/user/ah3918/home/.nextflow/assets/nf-core/scdownstream/./workflows/../subworkflows/local/./../../modules/nf-core/cellbender/removebackground/main.nf
  Script_2404610d42c0e016: /rds/general/user/ah3918/home/.nextflow/assets/nf-core/scdownstream/./workflows/../subworkflows/local/per_group.nf
  Script_35c811c531e64130: /rds/general/user/ah3918/home/.nextflow/assets/nf-core/scdownstream/./workflows/../subworkflows/local/../../modules/local/adata/upsetgenes/main.nf
  Script_bd1d3acf62f63a46: /rds/general/user/ah3918/home/.nextflow/assets/nf-core/scdownstream/./workflows/../subworkflows/local/./integrate.nf
  Script_72a0f739dbdeb3cc: /rds/general/user/ah3918/home/.nextflow/assets/nf-core/scdownstream/./workflows/../subworkflows/local/../../modules/local/scanpy/umap/main.nf
  Script_215a636da7ab24a2: /rds/general/user/ah3918/home/.nextflow/assets/nf-core/scdownstream/./subworkflows/local/utils_nfcore_scdownstream_pipeline/../../nf-core/utils_nfschema_plugin/main.nf
  Script_3e72e27f502f4a48: /rds/general/user/ah3918/home/.nextflow/assets/nf-core/scdownstream/./workflows/../subworkflows/local/preprocess.nf
  Script_5c4e8d4051efa81e: /rds/general/user/ah3918/home/.nextflow/assets/nf-core/scdownstream/./workflows/../subworkflows/local/utils_nfcore_scdownstream_pipeline/../../nf-core/utils_nfcore_pipeline/main.nf
  Script_02f0406e1a1dc257: /rds/general/user/ah3918/home/.nextflow/assets/nf-core/scdownstream/main.nf
  Script_1869c41a675f3c0c: /rds/general/user/ah3918/home/.nextflow/assets/nf-core/scdownstream/./workflows/../subworkflows/local/./../../modules/nf-core/cellbender/merge/main.nf
  Script_0690c94ccbc80cf8: /rds/general/user/ah3918/home/.nextflow/assets/nf-core/scdownstream/./workflows/../subworkflows/local/./../../modules/nf-core/anndata/barcodes/main.nf
  Script_5d43443f46d18416: /rds/general/user/ah3918/home/.nextflow/assets/nf-core/scdownstream/./workflows/../subworkflows/local/./../../modules/local/soupx/main.nf
  Script_d646097f48e95a2c: /rds/general/user/ah3918/home/.nextflow/assets/nf-core/scdownstream/./workflows/../subworkflows/local/./../../modules/local/celda/decontx/main.nf
  Script_6f78981c589bfc0c: /rds/general/user/ah3918/home/.nextflow/assets/nf-core/scdownstream/./workflows/../subworkflows/local/./../../modules/nf-core/doubletdetection/main.nf
  Script_92bff31045c9cb60: /rds/general/user/ah3918/home/.nextflow/assets/nf-core/scdownstream/./workflows/../subworkflows/local/../../modules/local/adata/extend/main.nf
  Script_f3ebd97e8f740aca: /rds/general/user/ah3918/home/.nextflow/assets/nf-core/scdownstream/./workflows/../subworkflows/local/./../../modules/local/scanpy/hvgs/main.nf
  Script_2c867e324fc91c2e: /rds/general/user/ah3918/home/.nextflow/assets/nf-core/scdownstream/./workflows/../subworkflows/local/./../../modules/local/doublet_detection/doublet_removal/main.nf
  Script_4f612cfd8c52e8cd: /rds/general/user/ah3918/home/.nextflow/assets/nf-core/scdownstream/./workflows/../subworkflows/local/utils_nfcore_scdownstream_pipeline/../../nf-core/utils_nextflow_pipeline/main.nf
  Script_7eb92b902edec65d: /rds/general/user/ah3918/home/.nextflow/assets/nf-core/scdownstream/./workflows/../subworkflows/local/./empty_droplet_removal.nf
  Script_9784ca083ac22527: /rds/general/user/ah3918/home/.nextflow/assets/nf-core/scdownstream/./workflows/scdownstream.nf
  Script_1d1afd682baa9a18: /rds/general/user/ah3918/home/.nextflow/assets/nf-core/scdownstream/./workflows/../subworkflows/local/../../modules/local/scanpy/plotqc/main.nf
  Script_129b39c1258a0c99: /rds/general/user/ah3918/home/.nextflow/assets/nf-core/scdownstream/./workflows/../subworkflows/local/./../../modules/local/scvitools/scanvi/main.nf
  Script_ef6edeaec3bcede0: /rds/general/user/ah3918/home/.nextflow/assets/nf-core/scdownstream/./workflows/../subworkflows/local/../../modules/local/custom/collectsizes/main.nf
  Script_04444e984977d7f2: /rds/general/user/ah3918/home/.nextflow/assets/nf-core/scdownstream/./workflows/../subworkflows/local/../../modules/local/scanpy/rankgenesgroups/main.nf
  Script_ecb37e7cea044dc1: /rds/general/user/ah3918/home/.nextflow/assets/nf-core/scdownstream/./workflows/../subworkflows/local/./../../modules/local/scvitools/scvi/main.nf
  Script_7818eaaa7fd81548: /rds/general/user/ah3918/home/.nextflow/assets/nf-core/scdownstream/./workflows/../subworkflows/local/../../modules/local/adata/prepcellxgene/main.nf
  Script_4457455b3d6c3f75: /rds/general/user/ah3918/home/.nextflow/assets/nf-core/scdownstream/./workflows/../subworkflows/local/../../modules/local/adata/merge/main.nf
Feb-27 11:05:03.898 [main] DEBUG nextflow.script.ScriptRunner - > Awaiting termination 
Feb-27 11:05:03.898 [main] DEBUG nextflow.Session - Session await
Feb-27 11:05:04.440 [Actor Thread 56] DEBUG nextflow.sort.BigSort - Sort completed -- entries: 1; slices: 1; internal sort time: 0.094 s; external sort time: 0.001 s; total time: 0.095 s
Feb-27 11:05:04.627 [Actor Thread 49] DEBUG nextflow.sort.BigSort - Sort completed -- entries: 1; slices: 1; internal sort time: 0.081 s; external sort time: 0.2 s; total time: 0.281 s
Feb-27 11:05:04.638 [Actor Thread 56] DEBUG nextflow.file.FileCollector - >> temp file exists? false
Feb-27 11:05:04.638 [Actor Thread 56] DEBUG nextflow.file.FileCollector - Missed collect-file cache -- cause: java.nio.file.NoSuchFileException: /rds/general/user/ah3918/ephemeral/NEXTFLOW/collect-file/4d7ba7e74eded2972ba792450d1c105d
Feb-27 11:05:04.727 [Actor Thread 49] DEBUG nextflow.file.FileCollector - >> temp file exists? false
Feb-27 11:05:04.727 [Actor Thread 49] DEBUG nextflow.file.FileCollector - Missed collect-file cache -- cause: java.nio.file.NoSuchFileException: /rds/general/user/ah3918/ephemeral/NEXTFLOW/collect-file/a3ced7e260a86cc2201152dda35ca825
Feb-27 11:05:04.732 [Actor Thread 56] DEBUG nextflow.file.FileCollector - Saved collect-files list to: /rds/general/user/ah3918/ephemeral/NEXTFLOW/collect-file/4d7ba7e74eded2972ba792450d1c105d
Feb-27 11:05:04.840 [Actor Thread 49] DEBUG nextflow.file.FileCollector - Saved collect-files list to: /rds/general/user/ah3918/ephemeral/NEXTFLOW/collect-file/a3ced7e260a86cc2201152dda35ca825
Feb-27 11:05:04.942 [Actor Thread 56] DEBUG nextflow.file.FileCollector - Deleting file collector temp dir: /rds/general/user/ah3918/projects/puklandmarkproject/ephemeral/Parisa_scdownstream/tmp/nxf-6321637906324560788
Feb-27 11:05:04.945 [Actor Thread 49] DEBUG nextflow.file.FileCollector - Deleting file collector temp dir: /rds/general/user/ah3918/projects/puklandmarkproject/ephemeral/Parisa_scdownstream/tmp/nxf-7501914269651204962
Feb-27 11:05:05.053 [Actor Thread 49] DEBUG nextflow.container.SingularityCache - Singularity found local store for image=oras://community.wave.seqera.io/library/mygene_scanpy:fe39686ba0c901e7; path=/rds/general/user/ah3918/ephemeral/singularity_cache/community.wave.seqera.io-library-mygene_scanpy-fe39686ba0c901e7.img
Feb-27 11:05:05.536 [Actor Thread 19] INFO  nextflow.processor.TaskProcessor - [bd/e2b186] Cached process > NFCORE_SCDOWNSTREAM:SCDOWNSTREAM:PREPROCESS:ADATA_UNIFY (S13A_S22_mapped)
Feb-27 11:05:05.536 [Actor Thread 10] INFO  nextflow.processor.TaskProcessor - [1d/2d420c] Cached process > NFCORE_SCDOWNSTREAM:SCDOWNSTREAM:PREPROCESS:ADATA_UNIFY (S4B_S7_mapped)
Feb-27 11:05:05.536 [Actor Thread 52] INFO  nextflow.processor.TaskProcessor - [ef/cd9cba] Cached process > NFCORE_SCDOWNSTREAM:SCDOWNSTREAM:PREPROCESS:ADATA_UNIFY (S11A_S19_mapped)
Feb-27 11:05:05.537 [Actor Thread 5] INFO  nextflow.processor.TaskProcessor - [ad/11b3c4] Cached process > NFCORE_SCDOWNSTREAM:SCDOWNSTREAM:PREPROCESS:ADATA_UNIFY (S5A_S8_mapped)
Feb-27 11:05:05.537 [Actor Thread 27] INFO  nextflow.processor.TaskProcessor - [57/e8ee9e] Cached process > NFCORE_SCDOWNSTREAM:SCDOWNSTREAM:PREPROCESS:ADATA_UNIFY (S18B_S30_mapped)
Feb-27 11:05:05.537 [Actor Thread 45] INFO  nextflow.processor.TaskProcessor - [95/98370b] Cached process > NFCORE_SCDOWNSTREAM:SCDOWNSTREAM:PREPROCESS:ADATA_UNIFY (S19B_S32_mapped)
Feb-27 11:05:05.537 [Actor Thread 60] INFO  nextflow.processor.TaskProcessor - [42/e28042] Cached process > NFCORE_SCDOWNSTREAM:SCDOWNSTREAM:PREPROCESS:ADATA_UNIFY (S6B_S11_mapped)
Feb-27 11:05:05.537 [Actor Thread 15] INFO  nextflow.processor.TaskProcessor - [ee/682555] Cached process > NFCORE_SCDOWNSTREAM:SCDOWNSTREAM:PREPROCESS:ADATA_UNIFY (S7A_S12_mapped)
Feb-27 11:05:05.537 [Actor Thread 23] INFO  nextflow.processor.TaskProcessor - [1b/913353] Cached process > NFCORE_SCDOWNSTREAM:SCDOWNSTREAM:PREPROCESS:ADATA_UNIFY (S8B_S15_mapped)
Feb-27 11:05:05.537 [Actor Thread 33] INFO  nextflow.processor.TaskProcessor - [8d/4a12fd] Cached process > NFCORE_SCDOWNSTREAM:SCDOWNSTREAM:PREPROCESS:ADATA_UNIFY (S4A_S6_mapped)
Feb-27 11:05:05.537 [Actor Thread 20] INFO  nextflow.processor.TaskProcessor - [19/624682] Cached process > NFCORE_SCDOWNSTREAM:SCDOWNSTREAM:PREPROCESS:ADATA_UNIFY (S13A_S22_mapped)
Feb-27 11:05:05.537 [Actor Thread 44] INFO  nextflow.processor.TaskProcessor - [e2/81c88d] Cached process > NFCORE_SCDOWNSTREAM:SCDOWNSTREAM:PREPROCESS:ADATA_UNIFY (S16A_S27_mapped)
Feb-27 11:05:05.537 [Actor Thread 3] INFO  nextflow.processor.TaskProcessor - [23/1e0336] Cached process > NFCORE_SCDOWNSTREAM:SCDOWNSTREAM:PREPROCESS:ADATA_UNIFY (S16B_S28_mapped)
Feb-27 11:05:05.537 [Actor Thread 31] INFO  nextflow.processor.TaskProcessor - [f8/ae2d8b] Cached process > NFCORE_SCDOWNSTREAM:SCDOWNSTREAM:PREPROCESS:ADATA_UNIFY (S11B_S20_mapped)
Feb-27 11:05:05.538 [Actor Thread 35] INFO  nextflow.processor.TaskProcessor - [8d/a40538] Cached process > NFCORE_SCDOWNSTREAM:SCDOWNSTREAM:PREPROCESS:ADATA_UNIFY (S2B_S4_mapped)
Feb-27 11:05:05.538 [Actor Thread 53] INFO  nextflow.processor.TaskProcessor - [cb/4cc07c] Cached process > NFCORE_SCDOWNSTREAM:SCDOWNSTREAM:PREPROCESS:ADATA_UNIFY (S4A_S6_mapped)
Feb-27 11:05:05.538 [Actor Thread 4] INFO  nextflow.processor.TaskProcessor - [5d/64c13c] Cached process > NFCORE_SCDOWNSTREAM:SCDOWNSTREAM:PREPROCESS:ADATA_UNIFY (S16B_S28_mapped)
Feb-27 11:05:05.539 [Actor Thread 9] INFO  nextflow.processor.TaskProcessor - [4d/4d91ce] Cached process > NFCORE_SCDOWNSTREAM:SCDOWNSTREAM:PREPROCESS:ADATA_UNIFY (S1A_S1_mapped)
Feb-27 11:05:05.539 [Actor Thread 54] INFO  nextflow.processor.TaskProcessor - [b1/bff1cd] Cached process > NFCORE_SCDOWNSTREAM:SCDOWNSTREAM:PREPROCESS:ADATA_UNIFY (S15A_S26_mapped)
Feb-27 11:05:05.539 [Actor Thread 26] INFO  nextflow.processor.TaskProcessor - [ac/d2b261] Cached process > NFCORE_SCDOWNSTREAM:SCDOWNSTREAM:PREPROCESS:ADATA_UNIFY (S17B_S29_mapped)
Feb-27 11:05:05.539 [Actor Thread 8] INFO  nextflow.processor.TaskProcessor - [09/7b0e6f] Cached process > NFCORE_SCDOWNSTREAM:SCDOWNSTREAM:PREPROCESS:ADATA_UNIFY (S4B_S7_mapped)
Feb-27 11:05:05.539 [Actor Thread 65] INFO  nextflow.processor.TaskProcessor - [8f/a1392f] Cached process > NFCORE_SCDOWNSTREAM:SCDOWNSTREAM:PREPROCESS:ADATA_UNIFY (S14B_S25_mapped)
Feb-27 11:05:05.539 [Actor Thread 68] INFO  nextflow.processor.TaskProcessor - [0a/cceadc] Cached process > NFCORE_SCDOWNSTREAM:SCDOWNSTREAM:PREPROCESS:ADATA_UNIFY (S5B_S9_mapped)
Feb-27 11:05:05.539 [Actor Thread 6] INFO  nextflow.processor.TaskProcessor - [aa/ed73a2] Cached process > NFCORE_SCDOWNSTREAM:SCDOWNSTREAM:PREPROCESS:ADATA_UNIFY (S1A_S1_mapped)
Feb-27 11:05:05.539 [Actor Thread 69] INFO  nextflow.processor.TaskProcessor - [c8/9baf8a] Cached process > NFCORE_SCDOWNSTREAM:SCDOWNSTREAM:PREPROCESS:ADATA_UNIFY (S5B_S9_mapped)
Feb-27 11:05:05.539 [Actor Thread 38] INFO  nextflow.processor.TaskProcessor - [93/a21570] Cached process > NFCORE_SCDOWNSTREAM:SCDOWNSTREAM:PREPROCESS:ADATA_UNIFY (S6A_S10_mapped)
Feb-27 11:05:05.539 [Actor Thread 22] INFO  nextflow.processor.TaskProcessor - [13/428935] Cached process > NFCORE_SCDOWNSTREAM:SCDOWNSTREAM:PREPROCESS:ADATA_UNIFY (S9B_S17_mapped)
Feb-27 11:05:05.540 [Actor Thread 46] INFO  nextflow.processor.TaskProcessor - [09/1ea73e] Cached process > NFCORE_SCDOWNSTREAM:SCDOWNSTREAM:PREPROCESS:ADATA_UNIFY (S3A_S5_mapped)
Feb-27 11:05:05.540 [Actor Thread 28] INFO  nextflow.processor.TaskProcessor - [9e/6405c7] Cached process > NFCORE_SCDOWNSTREAM:SCDOWNSTREAM:PREPROCESS:ADATA_UNIFY (S18B_S30_mapped)
Feb-27 11:05:05.540 [Actor Thread 64] INFO  nextflow.processor.TaskProcessor - [a3/8eee43] Cached process > NFCORE_SCDOWNSTREAM:SCDOWNSTREAM:PREPROCESS:ADATA_UNIFY (S8A_S14_mapped)
Feb-27 11:05:05.540 [Actor Thread 55] INFO  nextflow.processor.TaskProcessor - [eb/1b3961] Cached process > NFCORE_SCDOWNSTREAM:SCDOWNSTREAM:PREPROCESS:ADATA_UNIFY (S11B_S20_mapped)
Feb-27 11:05:05.540 [Actor Thread 30] INFO  nextflow.processor.TaskProcessor - [79/17f650] Cached process > NFCORE_SCDOWNSTREAM:SCDOWNSTREAM:PREPROCESS:ADATA_UNIFY (S12B_S21_mapped)
Feb-27 11:05:05.540 [Actor Thread 16] INFO  nextflow.processor.TaskProcessor - [d7/4e50a2] Cached process > NFCORE_SCDOWNSTREAM:SCDOWNSTREAM:PREPROCESS:ADATA_UNIFY (S7B_S13_mapped)
Feb-27 11:05:05.540 [Actor Thread 32] INFO  nextflow.processor.TaskProcessor - [05/f10da4] Cached process > NFCORE_SCDOWNSTREAM:SCDOWNSTREAM:PREPROCESS:ADATA_UNIFY (S1B_S2_mapped)
Feb-27 11:05:05.540 [Actor Thread 41] INFO  nextflow.processor.TaskProcessor - [e9/3a6294] Cached process > NFCORE_SCDOWNSTREAM:SCDOWNSTREAM:PREPROCESS:ADATA_UNIFY (S2A_S3_mapped)
Feb-27 11:05:05.540 [Actor Thread 62] INFO  nextflow.processor.TaskProcessor - [3f/1c434b] Cached process > NFCORE_SCDOWNSTREAM:SCDOWNSTREAM:PREPROCESS:ADATA_UNIFY (S15A_S26_mapped)
Feb-27 11:05:05.540 [Actor Thread 48] INFO  nextflow.processor.TaskProcessor - [95/ef5a2d] Cached process > NFCORE_SCDOWNSTREAM:SCDOWNSTREAM:PREPROCESS:ADATA_UNIFY (S13B_S23_mapped)
Feb-27 11:05:05.540 [Actor Thread 37] INFO  nextflow.processor.TaskProcessor - [2e/95cc5b] Cached process > NFCORE_SCDOWNSTREAM:SCDOWNSTREAM:PREPROCESS:ADATA_UNIFY (S13B_S23_mapped)
Feb-27 11:05:05.540 [Actor Thread 51] INFO  nextflow.processor.TaskProcessor - [9c/20ff13] Cached process > NFCORE_SCDOWNSTREAM:SCDOWNSTREAM:PREPROCESS:ADATA_UNIFY (S2B_S4_mapped)
Feb-27 11:05:05.540 [Actor Thread 2] INFO  nextflow.processor.TaskProcessor - [c7/8f1a25] Cached process > NFCORE_SCDOWNSTREAM:SCDOWNSTREAM:PREPROCESS:ADATA_UNIFY (S9A_S16_mapped)
Feb-27 11:05:05.540 [Actor Thread 7] INFO  nextflow.processor.TaskProcessor - [50/315713] Cached process > NFCORE_SCDOWNSTREAM:SCDOWNSTREAM:PREPROCESS:ADATA_UNIFY (S14A_S24_mapped)
Feb-27 11:05:05.540 [Actor Thread 47] INFO  nextflow.processor.TaskProcessor - [ab/88239c] Cached process > NFCORE_SCDOWNSTREAM:SCDOWNSTREAM:PREPROCESS:ADATA_UNIFY (S10A_S18_mapped)
Feb-27 11:05:05.540 [Actor Thread 36] INFO  nextflow.processor.TaskProcessor - [6d/beacdb] Cached process > NFCORE_SCDOWNSTREAM:SCDOWNSTREAM:PREPROCESS:ADATA_UNIFY (S6B_S11_mapped)
Feb-27 11:05:05.540 [Actor Thread 50] INFO  nextflow.processor.TaskProcessor - [fb/ccdab7] Cached process > NFCORE_SCDOWNSTREAM:SCDOWNSTREAM:PREPROCESS:ADATA_UNIFY (S3A_S5_mapped)
Feb-27 11:05:05.540 [Actor Thread 12] INFO  nextflow.processor.TaskProcessor - [c8/6623f5] Cached process > NFCORE_SCDOWNSTREAM:SCDOWNSTREAM:PREPROCESS:ADATA_UNIFY (S19A_S31_mapped)
Feb-27 11:05:05.540 [Actor Thread 21] INFO  nextflow.processor.TaskProcessor - [b0/e384f7] Cached process > NFCORE_SCDOWNSTREAM:SCDOWNSTREAM:PREPROCESS:ADATA_UNIFY (S9B_S17_mapped)
Feb-27 11:05:05.540 [Actor Thread 59] INFO  nextflow.processor.TaskProcessor - [52/175c40] Cached process > NFCORE_SCDOWNSTREAM:SCDOWNSTREAM:PREPROCESS:ADATA_UNIFY (S1B_S2_mapped)
Feb-27 11:05:05.541 [Actor Thread 13] INFO  nextflow.processor.TaskProcessor - [fb/bb1108] Cached process > NFCORE_SCDOWNSTREAM:SCDOWNSTREAM:PREPROCESS:ADATA_UNIFY (S7A_S12_mapped)
Feb-27 11:05:05.541 [Actor Thread 34] INFO  nextflow.processor.TaskProcessor - [40/63a5b5] Cached process > NFCORE_SCDOWNSTREAM:SCDOWNSTREAM:PREPROCESS:ADATA_UNIFY (S2A_S3_mapped)
Feb-27 11:05:05.541 [Actor Thread 29] INFO  nextflow.processor.TaskProcessor - [c9/59eac1] Cached process > NFCORE_SCDOWNSTREAM:SCDOWNSTREAM:PREPROCESS:ADATA_UNIFY (S12B_S21_mapped)
Feb-27 11:05:05.541 [Actor Thread 57] INFO  nextflow.processor.TaskProcessor - [1e/75324b] Cached process > NFCORE_SCDOWNSTREAM:SCDOWNSTREAM:PREPROCESS:ADATA_UNIFY (S10A_S18_mapped)
Feb-27 11:05:05.541 [Actor Thread 25] INFO  nextflow.processor.TaskProcessor - [69/9bdf89] Cached process > NFCORE_SCDOWNSTREAM:SCDOWNSTREAM:PREPROCESS:ADATA_UNIFY (S17B_S29_mapped)
Feb-27 11:05:05.541 [Actor Thread 42] INFO  nextflow.processor.TaskProcessor - [64/fd4cf3] Cached process > NFCORE_SCDOWNSTREAM:SCDOWNSTREAM:PREPROCESS:ADATA_UNIFY (S11A_S19_mapped)
Feb-27 11:05:05.541 [Actor Thread 39] INFO  nextflow.processor.TaskProcessor - [97/0ea526] Cached process > NFCORE_SCDOWNSTREAM:SCDOWNSTREAM:PREPROCESS:ADATA_UNIFY (S8A_S14_mapped)
Feb-27 11:05:05.542 [Actor Thread 11] INFO  nextflow.processor.TaskProcessor - [23/dae6e0] Cached process > NFCORE_SCDOWNSTREAM:SCDOWNSTREAM:PREPROCESS:ADATA_UNIFY (S19A_S31_mapped)
Feb-27 11:05:05.542 [Actor Thread 24] INFO  nextflow.processor.TaskProcessor - [f8/537dd6] Cached process > NFCORE_SCDOWNSTREAM:SCDOWNSTREAM:PREPROCESS:ADATA_UNIFY (S8B_S15_mapped)
Feb-27 11:05:05.542 [Actor Thread 63] INFO  nextflow.processor.TaskProcessor - [73/392da9] Cached process > NFCORE_SCDOWNSTREAM:SCDOWNSTREAM:PREPROCESS:ADATA_UNIFY (S14B_S25_mapped)
Feb-27 11:05:05.542 [Actor Thread 67] INFO  nextflow.processor.TaskProcessor - [74/186303] Cached process > NFCORE_SCDOWNSTREAM:SCDOWNSTREAM:PREPROCESS:ADATA_UNIFY (S5A_S8_mapped)
Feb-27 11:05:05.542 [Actor Thread 18] INFO  nextflow.processor.TaskProcessor - [19/231aeb] Cached process > NFCORE_SCDOWNSTREAM:SCDOWNSTREAM:PREPROCESS:ADATA_UNIFY (S6A_S10_mapped)
Feb-27 11:05:05.542 [Actor Thread 17] INFO  nextflow.processor.TaskProcessor - [f8/a0eece] Cached process > NFCORE_SCDOWNSTREAM:SCDOWNSTREAM:PREPROCESS:ADATA_UNIFY (S14A_S24_mapped)
Feb-27 11:05:05.542 [Actor Thread 1] INFO  nextflow.processor.TaskProcessor - [d8/f2016d] Cached process > NFCORE_SCDOWNSTREAM:SCDOWNSTREAM:PREPROCESS:ADATA_UNIFY (S9A_S16_mapped)
Feb-27 11:05:05.542 [Actor Thread 61] INFO  nextflow.processor.TaskProcessor - [5d/2291bf] Cached process > NFCORE_SCDOWNSTREAM:SCDOWNSTREAM:PREPROCESS:ADATA_UNIFY (S16A_S27_mapped)
Feb-27 11:05:05.542 [Actor Thread 14] INFO  nextflow.processor.TaskProcessor - [cc/fbeeda] Cached process > NFCORE_SCDOWNSTREAM:SCDOWNSTREAM:PREPROCESS:ADATA_UNIFY (S7B_S13_mapped)
Feb-27 11:05:05.542 [Actor Thread 58] INFO  nextflow.processor.TaskProcessor - [a1/4aaeb3] Cached process > NFCORE_SCDOWNSTREAM:SCDOWNSTREAM:PREPROCESS:ADATA_UNIFY (S19B_S32_mapped)
Feb-27 11:05:05.742 [Actor Thread 42] DEBUG nextflow.container.SingularityCache - Singularity found local store for image=oras://community.wave.seqera.io/library/anndata:0.11.1--426fb199a9be8838; path=/rds/general/user/ah3918/ephemeral/singularity_cache/community.wave.seqera.io-library-anndata-0.11.1--426fb199a9be8838.img
Feb-27 11:05:05.743 [Actor Thread 68] DEBUG nextflow.container.SingularityCache - Singularity found local store for image=oras://community.wave.seqera.io/library/cellbender_webcolors:25a137ec5e8341f2; path=/rds/general/user/ah3918/ephemeral/singularity_cache/community.wave.seqera.io-library-cellbender_webcolors-25a137ec5e8341f2.img
Feb-27 11:05:05.937 [Actor Thread 120] DEBUG nextflow.container.SingularityCache - Singularity found local store for image=oras://community.wave.seqera.io/library/scanpy:1.10.4--c2d474f46255931c; path=/rds/general/user/ah3918/ephemeral/singularity_cache/community.wave.seqera.io-library-scanpy-1.10.4--c2d474f46255931c.img
Feb-27 11:05:05.943 [Actor Thread 76] INFO  nextflow.processor.TaskProcessor - [4d/0e2ddc] Cached process > NFCORE_SCDOWNSTREAM:SCDOWNSTREAM:PREPROCESS:GET_UNFILTERED_SIZE (S10A_S18_mapped)
Feb-27 11:05:05.944 [Actor Thread 23] INFO  nextflow.processor.TaskProcessor - [f4/36df2c] Cached process > NFCORE_SCDOWNSTREAM:SCDOWNSTREAM:PREPROCESS:GET_FILTERED_SIZE (S1B_S2_mapped)
Feb-27 11:05:05.944 [Actor Thread 49] INFO  nextflow.processor.TaskProcessor - [e4/6a90a2] Cached process > NFCORE_SCDOWNSTREAM:SCDOWNSTREAM:PREPROCESS:GET_UNFILTERED_SIZE (S11B_S20_mapped)
Feb-27 11:05:05.944 [Actor Thread 43] INFO  nextflow.processor.TaskProcessor - [7a/1b0fd6] Cached process > NFCORE_SCDOWNSTREAM:SCDOWNSTREAM:PREPROCESS:GET_UNFILTERED_SIZE (S7A_S12_mapped)
Feb-27 11:05:05.949 [Actor Thread 85] INFO  nextflow.processor.TaskProcessor - [3b/96a60f] Cached process > NFCORE_SCDOWNSTREAM:SCDOWNSTREAM:PREPROCESS:GET_UNFILTERED_SIZE (S3A_S5_mapped)
Feb-27 11:05:05.949 [Actor Thread 88] INFO  nextflow.processor.TaskProcessor - [6f/8b2bde] Cached process > NFCORE_SCDOWNSTREAM:SCDOWNSTREAM:PREPROCESS:GET_UNFILTERED_SIZE (S13B_S23_mapped)
Feb-27 11:05:05.950 [Actor Thread 71] INFO  nextflow.processor.TaskProcessor - [bc/175f1e] Cached process > NFCORE_SCDOWNSTREAM:SCDOWNSTREAM:PREPROCESS:GET_FILTERED_SIZE (S3A_S5_mapped)
Feb-27 11:05:05.950 [Actor Thread 15] INFO  nextflow.processor.TaskProcessor - [46/febc0b] Cached process > NFCORE_SCDOWNSTREAM:SCDOWNSTREAM:PREPROCESS:GET_UNFILTERED_SIZE (S2B_S4_mapped)
Feb-27 11:05:05.953 [Actor Thread 57] INFO  nextflow.processor.TaskProcessor - [22/253161] Cached process > NFCORE_SCDOWNSTREAM:SCDOWNSTREAM:PREPROCESS:GET_FILTERED_SIZE (S10A_S18_mapped)
Feb-27 11:05:05.953 [Actor Thread 79] INFO  nextflow.processor.TaskProcessor - [a4/3b8685] Cached process > NFCORE_SCDOWNSTREAM:SCDOWNSTREAM:PREPROCESS:GET_UNFILTERED_SIZE (S14B_S25_mapped)
Feb-27 11:05:05.953 [Actor Thread 77] INFO  nextflow.processor.TaskProcessor - [69/26082c] Cached process > NFCORE_SCDOWNSTREAM:SCDOWNSTREAM:PREPROCESS:GET_FILTERED_SIZE (S13B_S23_mapped)
Feb-27 11:05:05.954 [Actor Thread 90] INFO  nextflow.processor.TaskProcessor - [3b/51143e] Cached process > NFCORE_SCDOWNSTREAM:SCDOWNSTREAM:PREPROCESS:GET_UNFILTERED_SIZE (S5A_S8_mapped)
Feb-27 11:05:05.954 [Actor Thread 81] INFO  nextflow.processor.TaskProcessor - [d4/c2884c] Cached process > NFCORE_SCDOWNSTREAM:SCDOWNSTREAM:PREPROCESS:GET_FILTERED_SIZE (S8A_S14_mapped)
Feb-27 11:05:05.954 [Actor Thread 70] INFO  nextflow.processor.TaskProcessor - [b8/4a14c7] Cached process > NFCORE_SCDOWNSTREAM:SCDOWNSTREAM:PREPROCESS:GET_UNFILTERED_SIZE (S17B_S29_mapped)
Feb-27 11:05:05.958 [Actor Thread 100] INFO  nextflow.processor.TaskProcessor - [e2/c79f61] Cached process > NFCORE_SCDOWNSTREAM:SCDOWNSTREAM:PREPROCESS:GET_UNFILTERED_SIZE (S6A_S10_mapped)
Feb-27 11:05:05.954 [Actor Thread 35] INFO  nextflow.processor.TaskProcessor - [d2/4c02aa] Cached process > NFCORE_SCDOWNSTREAM:SCDOWNSTREAM:PREPROCESS:GET_FILTERED_SIZE (S2B_S4_mapped)
Feb-27 11:05:06.027 [Actor Thread 25] INFO  nextflow.processor.TaskProcessor - [47/564e78] Cached process > NFCORE_SCDOWNSTREAM:SCDOWNSTREAM:PREPROCESS:GET_UNFILTERED_SIZE (S9A_S16_mapped)
Feb-27 11:05:06.027 [Actor Thread 95] INFO  nextflow.processor.TaskProcessor - [5a/58a1c2] Cached process > NFCORE_SCDOWNSTREAM:SCDOWNSTREAM:PREPROCESS:GET_FILTERED_SIZE (S2A_S3_mapped)
Feb-27 11:05:06.028 [Actor Thread 10] INFO  nextflow.processor.TaskProcessor - [1f/adcb2c] Cached process > NFCORE_SCDOWNSTREAM:SCDOWNSTREAM:PREPROCESS:GET_UNFILTERED_SIZE (S8B_S15_mapped)
Feb-27 11:05:06.028 [Actor Thread 86] INFO  nextflow.processor.TaskProcessor - [43/e75eab] Cached process > NFCORE_SCDOWNSTREAM:SCDOWNSTREAM:PREPROCESS:GET_FILTERED_SIZE (S7A_S12_mapped)
Feb-27 11:05:06.028 [Actor Thread 82] INFO  nextflow.processor.TaskProcessor - [47/9360c6] Cached process > NFCORE_SCDOWNSTREAM:SCDOWNSTREAM:PREPROCESS:GET_FILTERED_SIZE (S17B_S29_mapped)
Feb-27 11:05:06.028 [Actor Thread 98] INFO  nextflow.processor.TaskProcessor - [c4/1b48cc] Cached process > NFCORE_SCDOWNSTREAM:SCDOWNSTREAM:PREPROCESS:GET_UNFILTERED_SIZE (S18B_S30_mapped)
Feb-27 11:05:06.028 [Actor Thread 99] INFO  nextflow.processor.TaskProcessor - [68/c9d8c2] Cached process > NFCORE_SCDOWNSTREAM:SCDOWNSTREAM:PREPROCESS:GET_FILTERED_SIZE (S5B_S9_mapped)
Feb-27 11:05:06.028 [Actor Thread 13] INFO  nextflow.processor.TaskProcessor - [1c/c824ea] Cached process > NFCORE_SCDOWNSTREAM:SCDOWNSTREAM:PREPROCESS:GET_FILTERED_SIZE (S4A_S6_mapped)
Feb-27 11:05:06.030 [Actor Thread 92] INFO  nextflow.processor.TaskProcessor - [de/af0ead] Cached process > NFCORE_SCDOWNSTREAM:SCDOWNSTREAM:PREPROCESS:GET_UNFILTERED_SIZE (S11A_S19_mapped)
Feb-27 11:05:06.030 [Actor Thread 103] INFO  nextflow.processor.TaskProcessor - [b0/d40225] Cached process > NFCORE_SCDOWNSTREAM:SCDOWNSTREAM:PREPROCESS:GET_UNFILTERED_SIZE (S4B_S7_mapped)
Feb-27 11:05:06.030 [Actor Thread 18] INFO  nextflow.processor.TaskProcessor - [c9/23e8b4] Cached process > NFCORE_SCDOWNSTREAM:SCDOWNSTREAM:PREPROCESS:GET_FILTERED_SIZE (S6A_S10_mapped)
Feb-27 11:05:06.030 [Actor Thread 41] INFO  nextflow.processor.TaskProcessor - [d1/c7691f] Cached process > NFCORE_SCDOWNSTREAM:SCDOWNSTREAM:PREPROCESS:GET_UNFILTERED_SIZE (S16A_S27_mapped)
Feb-27 11:05:06.031 [Actor Thread 7] INFO  nextflow.processor.TaskProcessor - [2c/a36a0a] Cached process > NFCORE_SCDOWNSTREAM:SCDOWNSTREAM:PREPROCESS:GET_UNFILTERED_SIZE (S4A_S6_mapped)
Feb-27 11:05:06.031 [Actor Thread 78] INFO  nextflow.processor.TaskProcessor - [41/abaddb] Cached process > NFCORE_SCDOWNSTREAM:SCDOWNSTREAM:PREPROCESS:GET_UNFILTERED_SIZE (S8A_S14_mapped)
Feb-27 11:05:06.035 [Actor Thread 101] INFO  nextflow.processor.TaskProcessor - [a0/763a2b] Cached process > NFCORE_SCDOWNSTREAM:SCDOWNSTREAM:PREPROCESS:GET_UNFILTERED_SIZE (S14A_S24_mapped)
Feb-27 11:05:06.035 [Actor Thread 93] INFO  nextflow.processor.TaskProcessor - [65/877add] Cached process > NFCORE_SCDOWNSTREAM:SCDOWNSTREAM:PREPROCESS:GET_FILTERED_SIZE (S14B_S25_mapped)
Feb-27 11:05:06.036 [Actor Thread 87] INFO  nextflow.processor.TaskProcessor - [f1/e8c85e] Cached process > NFCORE_SCDOWNSTREAM:SCDOWNSTREAM:PREPROCESS:GET_UNFILTERED_SIZE (S5B_S9_mapped)
Feb-27 11:05:06.036 [Actor Thread 37] INFO  nextflow.processor.TaskProcessor - [de/1b49fe] Cached process > NFCORE_SCDOWNSTREAM:SCDOWNSTREAM:PREPROCESS:GET_UNFILTERED_SIZE (S13A_S22_mapped)
Feb-27 11:05:06.043 [Actor Thread 20] INFO  nextflow.processor.TaskProcessor - [ed/734797] Cached process > NFCORE_SCDOWNSTREAM:SCDOWNSTREAM:PREPROCESS:GET_UNFILTERED_SIZE (S2A_S3_mapped)
Feb-27 11:05:06.128 [Actor Thread 97] INFO  nextflow.processor.TaskProcessor - [e4/8cba3b] Cached process > NFCORE_SCDOWNSTREAM:SCDOWNSTREAM:PREPROCESS:GET_UNFILTERED_SIZE (S1B_S2_mapped)
Feb-27 11:05:06.129 [Actor Thread 112] INFO  nextflow.processor.TaskProcessor - [52/023cbb] Cached process > NFCORE_SCDOWNSTREAM:SCDOWNSTREAM:PREPROCESS:GET_UNFILTERED_SIZE (S9B_S17_mapped)
Feb-27 11:05:06.129 [Actor Thread 65] INFO  nextflow.processor.TaskProcessor - [86/d09c04] Cached process > NFCORE_SCDOWNSTREAM:SCDOWNSTREAM:PREPROCESS:QC_RAW (S2A_S3_mapped)
Feb-27 11:05:06.130 [Actor Thread 105] INFO  nextflow.processor.TaskProcessor - [58/0ce748] Cached process > NFCORE_SCDOWNSTREAM:SCDOWNSTREAM:PREPROCESS:QC_RAW (S14B_S25_mapped)
Feb-27 11:05:06.132 [Actor Thread 39] INFO  nextflow.processor.TaskProcessor - [13/baa866] Cached process > NFCORE_SCDOWNSTREAM:SCDOWNSTREAM:PREPROCESS:QC_RAW (S2B_S4_mapped)
Feb-27 11:05:06.133 [Actor Thread 83] INFO  nextflow.processor.TaskProcessor - [12/314bf2] Cached process > NFCORE_SCDOWNSTREAM:SCDOWNSTREAM:PREPROCESS:QC_RAW (S8A_S14_mapped)
Feb-27 11:05:06.140 [Actor Thread 114] INFO  nextflow.processor.TaskProcessor - [85/aafd3c] Cached process > NFCORE_SCDOWNSTREAM:SCDOWNSTREAM:PREPROCESS:QC_RAW (S13B_S23_mapped)
Feb-27 11:05:06.141 [Actor Thread 59] INFO  nextflow.processor.TaskProcessor - [a9/2b5987] Cached process > NFCORE_SCDOWNSTREAM:SCDOWNSTREAM:PREPROCESS:QC_RAW (S1B_S2_mapped)
Feb-27 11:05:06.142 [Actor Thread 72] INFO  nextflow.processor.TaskProcessor - [24/a484d4] Cached process > NFCORE_SCDOWNSTREAM:SCDOWNSTREAM:PREPROCESS:QC_RAW (S7A_S12_mapped)
Feb-27 11:05:06.238 [Actor Thread 96] INFO  nextflow.processor.TaskProcessor - [f4/286c62] Cached process > NFCORE_SCDOWNSTREAM:SCDOWNSTREAM:PREPROCESS:QC_RAW (S6A_S10_mapped)
Feb-27 11:05:06.238 [Actor Thread 47] INFO  nextflow.processor.TaskProcessor - [94/ad6e75] Cached process > NFCORE_SCDOWNSTREAM:SCDOWNSTREAM:PREPROCESS:QC_RAW (S4A_S6_mapped)
Feb-27 11:05:06.238 [Actor Thread 84] INFO  nextflow.processor.TaskProcessor - [95/6a4e2e] Cached process > NFCORE_SCDOWNSTREAM:SCDOWNSTREAM:PREPROCESS:QC_RAW (S17B_S29_mapped)
Feb-27 11:05:06.241 [Actor Thread 116] INFO  nextflow.processor.TaskProcessor - [96/1cd225] Cached process > NFCORE_SCDOWNSTREAM:SCDOWNSTREAM:PREPROCESS:GET_FILTERED_SIZE (S5A_S8_mapped)
Feb-27 11:05:06.241 [Actor Thread 102] INFO  nextflow.processor.TaskProcessor - [40/48ec38] Cached process > NFCORE_SCDOWNSTREAM:SCDOWNSTREAM:PREPROCESS:QC_RAW (S5B_S9_mapped)
Feb-27 11:05:06.242 [Actor Thread 91] INFO  nextflow.processor.TaskProcessor - [ec/500206] Cached process > NFCORE_SCDOWNSTREAM:SCDOWNSTREAM:PREPROCESS:QC_RAW (S3A_S5_mapped)
Feb-27 11:05:06.243 [Actor Thread 65] DEBUG nextflow.util.ThreadPoolBuilder - Creating thread pool 'PublishDir' minSize=10; maxSize=192; workQueue=LinkedBlockingQueue[10000]; allowCoreThreadTimeout=false
Feb-27 11:05:06.329 [Actor Thread 9] INFO  nextflow.processor.TaskProcessor - [b9/927a59] Cached process > NFCORE_SCDOWNSTREAM:SCDOWNSTREAM:PREPROCESS:GET_FILTERED_SIZE (S11A_S19_mapped)
Feb-27 11:05:06.329 [Actor Thread 45] INFO  nextflow.processor.TaskProcessor - [a2/a3e08b] Cached process > NFCORE_SCDOWNSTREAM:SCDOWNSTREAM:PREPROCESS:GET_UNFILTERED_SIZE (S1A_S1_mapped)
Feb-27 11:05:06.329 [Actor Thread 6] INFO  nextflow.processor.TaskProcessor - [5c/f9f052] Cached process > NFCORE_SCDOWNSTREAM:SCDOWNSTREAM:PREPROCESS:GET_FILTERED_SIZE (S19B_S32_mapped)
Feb-27 11:05:06.329 [Actor Thread 16] INFO  nextflow.processor.TaskProcessor - [63/5a1763] Cached process > NFCORE_SCDOWNSTREAM:SCDOWNSTREAM:PREPROCESS:GET_UNFILTERED_SIZE (S19B_S32_mapped)
Feb-27 11:05:06.329 [Actor Thread 107] INFO  nextflow.processor.TaskProcessor - [8e/2e138e] Cached process > NFCORE_SCDOWNSTREAM:SCDOWNSTREAM:PREPROCESS:GET_FILTERED_SIZE (S16A_S27_mapped)
Feb-27 11:05:06.329 [Actor Thread 33] INFO  nextflow.processor.TaskProcessor - [d3/13febe] Cached process > NFCORE_SCDOWNSTREAM:SCDOWNSTREAM:PREPROCESS:QC_RAW (S10A_S18_mapped)
Feb-27 11:05:06.329 [Actor Thread 64] INFO  nextflow.processor.TaskProcessor - [f2/67f7f3] Cached process > NFCORE_SCDOWNSTREAM:SCDOWNSTREAM:PREPROCESS:GET_FILTERED_SIZE (S14A_S24_mapped)
Feb-27 11:05:06.329 [Actor Thread 58] INFO  nextflow.processor.TaskProcessor - [fc/5f464d] Cached process > NFCORE_SCDOWNSTREAM:SCDOWNSTREAM:PREPROCESS:GET_FILTERED_SIZE (S12B_S21_mapped)
Feb-27 11:05:06.329 [Actor Thread 36] INFO  nextflow.processor.TaskProcessor - [48/96e85d] Cached process > NFCORE_SCDOWNSTREAM:SCDOWNSTREAM:PREPROCESS:GET_FILTERED_SIZE (S11B_S20_mapped)
Feb-27 11:05:06.329 [Actor Thread 11] INFO  nextflow.processor.TaskProcessor - [7f/006db5] Cached process > NFCORE_SCDOWNSTREAM:SCDOWNSTREAM:PREPROCESS:GET_FILTERED_SIZE (S13A_S22_mapped)
Feb-27 11:05:06.329 [Actor Thread 48] INFO  nextflow.processor.TaskProcessor - [e9/4c9c81] Cached process > NFCORE_SCDOWNSTREAM:SCDOWNSTREAM:PREPROCESS:GET_FILTERED_SIZE (S6B_S11_mapped)
Feb-27 11:05:06.330 [Actor Thread 133] INFO  nextflow.processor.TaskProcessor - [70/426d57] Cached process > NFCORE_SCDOWNSTREAM:SCDOWNSTREAM:PREPROCESS:GET_FILTERED_SIZE (S1A_S1_mapped)
Feb-27 11:05:06.332 [Actor Thread 106] INFO  nextflow.processor.TaskProcessor - [29/b087ab] Cached process > NFCORE_SCDOWNSTREAM:SCDOWNSTREAM:PREPROCESS:GET_FILTERED_SIZE (S9A_S16_mapped)
Feb-27 11:05:06.343 [Actor Thread 131] INFO  nextflow.processor.TaskProcessor - [bc/4f2576] Cached process > NFCORE_SCDOWNSTREAM:SCDOWNSTREAM:PREPROCESS:GET_FILTERED_SIZE (S19A_S31_mapped)
Feb-27 11:05:06.344 [Actor Thread 12] INFO  nextflow.processor.TaskProcessor - [17/220be1] Cached process > NFCORE_SCDOWNSTREAM:SCDOWNSTREAM:PREPROCESS:GET_UNFILTERED_SIZE (S6B_S11_mapped)
Feb-27 11:05:06.344 [Actor Thread 8] INFO  nextflow.processor.TaskProcessor - [ea/da0098] Cached process > NFCORE_SCDOWNSTREAM:SCDOWNSTREAM:PREPROCESS:GET_FILTERED_SIZE (S18B_S30_mapped)
Feb-27 11:05:06.344 [Actor Thread 109] INFO  nextflow.processor.TaskProcessor - [cf/46282f] Cached process > NFCORE_SCDOWNSTREAM:SCDOWNSTREAM:PREPROCESS:GET_UNFILTERED_SIZE (S19A_S31_mapped)
Feb-27 11:05:06.345 [Actor Thread 55] INFO  nextflow.processor.TaskProcessor - [f0/c6e9ca] Cached process > NFCORE_SCDOWNSTREAM:SCDOWNSTREAM:PREPROCESS:GET_FILTERED_SIZE (S4B_S7_mapped)
Feb-27 11:05:06.345 [Actor Thread 68] INFO  nextflow.processor.TaskProcessor - [11/35e7ac] Cached process > NFCORE_SCDOWNSTREAM:SCDOWNSTREAM:PREPROCESS:GET_UNFILTERED_SIZE (S15A_S26_mapped)
Feb-27 11:05:06.345 [Actor Thread 119] INFO  nextflow.processor.TaskProcessor - [a0/41f1ba] Cached process > NFCORE_SCDOWNSTREAM:SCDOWNSTREAM:PREPROCESS:GET_FILTERED_SIZE (S16B_S28_mapped)
Feb-27 11:05:06.346 [Actor Thread 60] INFO  nextflow.processor.TaskProcessor - [03/32152f] Cached process > NFCORE_SCDOWNSTREAM:SCDOWNSTREAM:PREPROCESS:GET_FILTERED_SIZE (S15A_S26_mapped)
Feb-27 11:05:06.346 [Actor Thread 5] INFO  nextflow.processor.TaskProcessor - [f2/c76464] Cached process > NFCORE_SCDOWNSTREAM:SCDOWNSTREAM:PREPROCESS:GET_UNFILTERED_SIZE (S12B_S21_mapped)
Feb-27 11:05:06.346 [Actor Thread 67] INFO  nextflow.processor.TaskProcessor - [c2/c12f94] Cached process > NFCORE_SCDOWNSTREAM:SCDOWNSTREAM:PREPROCESS:GET_UNFILTERED_SIZE (S16B_S28_mapped)
Feb-27 11:05:06.347 [Actor Thread 120] INFO  nextflow.processor.TaskProcessor - [c3/37db03] Cached process > NFCORE_SCDOWNSTREAM:SCDOWNSTREAM:PREPROCESS:QC_RAW (S19A_S31_mapped)
Feb-27 11:05:06.348 [Actor Thread 63] INFO  nextflow.processor.TaskProcessor - [38/c86424] Cached process > NFCORE_SCDOWNSTREAM:SCDOWNSTREAM:PREPROCESS:QC_RAW (S6B_S11_mapped)
Feb-27 11:05:06.348 [Actor Thread 123] INFO  nextflow.processor.TaskProcessor - [51/9255ec] Cached process > NFCORE_SCDOWNSTREAM:SCDOWNSTREAM:PREPROCESS:QC_RAW (S18B_S30_mapped)
Feb-27 11:05:06.349 [Actor Thread 125] INFO  nextflow.processor.TaskProcessor - [08/0e0d44] Cached process > NFCORE_SCDOWNSTREAM:SCDOWNSTREAM:PREPROCESS:QC_RAW (S19B_S32_mapped)
Feb-27 11:05:06.349 [Actor Thread 44] INFO  nextflow.processor.TaskProcessor - [2d/af1ee7] Cached process > NFCORE_SCDOWNSTREAM:SCDOWNSTREAM:PREPROCESS:QC_RAW (S16B_S28_mapped)
Feb-27 11:05:06.350 [Actor Thread 137] INFO  nextflow.processor.TaskProcessor - [26/baf30f] Cached process > NFCORE_SCDOWNSTREAM:SCDOWNSTREAM:PREPROCESS:QC_RAW (S1A_S1_mapped)
Feb-27 11:05:06.350 [Actor Thread 62] INFO  nextflow.processor.TaskProcessor - [7f/7b3c96] Cached process > NFCORE_SCDOWNSTREAM:SCDOWNSTREAM:PREPROCESS:GET_UNFILTERED_SIZE (S7B_S13_mapped)
Feb-27 11:05:06.351 [Actor Thread 130] INFO  nextflow.processor.TaskProcessor - [cd/58373a] Cached process > NFCORE_SCDOWNSTREAM:SCDOWNSTREAM:PREPROCESS:QC_RAW (S15A_S26_mapped)
Feb-27 11:05:06.351 [Actor Thread 53] INFO  nextflow.processor.TaskProcessor - [1e/c9adf1] Cached process > NFCORE_SCDOWNSTREAM:SCDOWNSTREAM:PREPROCESS:QC_RAW (S11B_S20_mapped)
Feb-27 11:05:06.351 [Actor Thread 1] INFO  nextflow.processor.TaskProcessor - [23/a953a6] Cached process > NFCORE_SCDOWNSTREAM:SCDOWNSTREAM:PREPROCESS:QC_RAW (S12B_S21_mapped)
Feb-27 11:05:06.352 [Actor Thread 32] INFO  nextflow.processor.TaskProcessor - [79/f47634] Cached process > NFCORE_SCDOWNSTREAM:SCDOWNSTREAM:PREPROCESS:QC_RAW (S9A_S16_mapped)
Feb-27 11:05:06.352 [Actor Thread 42] INFO  nextflow.processor.TaskProcessor - [89/704b0b] Cached process > NFCORE_SCDOWNSTREAM:SCDOWNSTREAM:PREPROCESS:GET_FILTERED_SIZE (S8B_S15_mapped)
Feb-27 11:05:06.352 [Actor Thread 27] INFO  nextflow.processor.TaskProcessor - [6a/945487] Cached process > NFCORE_SCDOWNSTREAM:SCDOWNSTREAM:PREPROCESS:QC_RAW (S4B_S7_mapped)
Feb-27 11:05:06.427 [Actor Thread 31] INFO  nextflow.processor.TaskProcessor - [61/e16d20] Cached process > NFCORE_SCDOWNSTREAM:SCDOWNSTREAM:PREPROCESS:GET_FILTERED_SIZE (S9B_S17_mapped)
Feb-27 11:05:06.427 [Actor Thread 108] INFO  nextflow.processor.TaskProcessor - [c1/9bfbf8] Cached process > NFCORE_SCDOWNSTREAM:SCDOWNSTREAM:PREPROCESS:GET_FILTERED_SIZE (S7B_S13_mapped)
Feb-27 11:05:06.427 [Actor Thread 124] INFO  nextflow.processor.TaskProcessor - [e1/4d3463] Cached process > NFCORE_SCDOWNSTREAM:SCDOWNSTREAM:PREPROCESS:QC_RAW (S16A_S27_mapped)
Feb-27 11:05:06.427 [Actor Thread 69] INFO  nextflow.processor.TaskProcessor - [61/b7e85b] Cached process > NFCORE_SCDOWNSTREAM:SCDOWNSTREAM:PREPROCESS:QC_RAW (S11A_S19_mapped)
Feb-27 11:05:06.428 [Actor Thread 121] INFO  nextflow.processor.TaskProcessor - [7c/f94941] Cached process > NFCORE_SCDOWNSTREAM:SCDOWNSTREAM:PREPROCESS:QC_RAW (S14A_S24_mapped)
Feb-27 11:05:06.428 [Actor Thread 17] INFO  nextflow.processor.TaskProcessor - [73/647194] Cached process > NFCORE_SCDOWNSTREAM:SCDOWNSTREAM:PREPROCESS:QC_RAW (S8B_S15_mapped)
Feb-27 11:05:06.428 [Actor Thread 127] INFO  nextflow.processor.TaskProcessor - [08/1e62c8] Cached process > NFCORE_SCDOWNSTREAM:SCDOWNSTREAM:PREPROCESS:QC_RAW (S5A_S8_mapped)
Feb-27 11:05:06.428 [Actor Thread 52] INFO  nextflow.processor.TaskProcessor - [1c/b546cf] Cached process > NFCORE_SCDOWNSTREAM:SCDOWNSTREAM:PREPROCESS:QC_RAW (S13A_S22_mapped)
Feb-27 11:05:06.428 [Actor Thread 54] INFO  nextflow.processor.TaskProcessor - [d2/cf6157] Cached process > NFCORE_SCDOWNSTREAM:SCDOWNSTREAM:PREPROCESS:QC_RAW (S9B_S17_mapped)
Feb-27 11:05:06.429 [Actor Thread 129] INFO  nextflow.processor.TaskProcessor - [ed/000894] Cached process > NFCORE_SCDOWNSTREAM:SCDOWNSTREAM:PREPROCESS:QC_RAW (S7B_S13_mapped)
Feb-27 11:05:06.439 [Task submitter] WARN  nextflow.executor.PbsProExecutor - cpus and memory directives are ignored when clusterOptions contains -l option
tip: clusterOptions = { "-l select=1:ncpus=${task.cpus}:mem=${task.memory.toMega()}mb:..." }
Feb-27 11:05:06.630 [Task submitter] DEBUG nextflow.executor.GridTaskHandler - [PBSPRO] submitted process NFCORE_SCDOWNSTREAM:SCDOWNSTREAM:PREPROCESS:AMBIENT_RNA_REMOVAL:CELLBENDER_REMOVEBACKGROUND (S4A_S6_mapped) > jobId: 253779.pbs-7; workDir: /rds/general/user/ah3918/ephemeral/NEXTFLOW/92/5b79ff6d35c2d63dbaa7a703416c71
Feb-27 11:05:06.630 [Task submitter] INFO  nextflow.Session - [92/5b79ff] Submitted process > NFCORE_SCDOWNSTREAM:SCDOWNSTREAM:PREPROCESS:AMBIENT_RNA_REMOVAL:CELLBENDER_REMOVEBACKGROUND (S4A_S6_mapped)
Feb-27 11:05:06.689 [Task submitter] DEBUG nextflow.executor.GridTaskHandler - [PBSPRO] submitted process NFCORE_SCDOWNSTREAM:SCDOWNSTREAM:PREPROCESS:AMBIENT_RNA_REMOVAL:CELLBENDER_REMOVEBACKGROUND (S3A_S5_mapped) > jobId: 253780.pbs-7; workDir: /rds/general/user/ah3918/ephemeral/NEXTFLOW/c7/614b17a1367a4048ce2270227feea3
Feb-27 11:05:06.690 [Task submitter] INFO  nextflow.Session - [c7/614b17] Submitted process > NFCORE_SCDOWNSTREAM:SCDOWNSTREAM:PREPROCESS:AMBIENT_RNA_REMOVAL:CELLBENDER_REMOVEBACKGROUND (S3A_S5_mapped)
Feb-27 11:05:06.758 [Task submitter] DEBUG nextflow.executor.GridTaskHandler - [PBSPRO] submitted process NFCORE_SCDOWNSTREAM:SCDOWNSTREAM:PREPROCESS:AMBIENT_RNA_REMOVAL:CELLBENDER_REMOVEBACKGROUND (S14B_S25_mapped) > jobId: 253781.pbs-7; workDir: /rds/general/user/ah3918/ephemeral/NEXTFLOW/ae/8a48bc244d54c5604bfcf5125f2da8
Feb-27 11:05:06.758 [Task submitter] INFO  nextflow.Session - [ae/8a48bc] Submitted process > NFCORE_SCDOWNSTREAM:SCDOWNSTREAM:PREPROCESS:AMBIENT_RNA_REMOVAL:CELLBENDER_REMOVEBACKGROUND (S14B_S25_mapped)
Feb-27 11:05:06.833 [Task submitter] DEBUG nextflow.executor.GridTaskHandler - [PBSPRO] submitted process NFCORE_SCDOWNSTREAM:SCDOWNSTREAM:PREPROCESS:AMBIENT_RNA_REMOVAL:CELLBENDER_REMOVEBACKGROUND (S5B_S9_mapped) > jobId: 253782.pbs-7; workDir: /rds/general/user/ah3918/ephemeral/NEXTFLOW/b7/c9b5d869606062ff47e0910b883f6d
Feb-27 11:05:06.833 [Task submitter] INFO  nextflow.Session - [b7/c9b5d8] Submitted process > NFCORE_SCDOWNSTREAM:SCDOWNSTREAM:PREPROCESS:AMBIENT_RNA_REMOVAL:CELLBENDER_REMOVEBACKGROUND (S5B_S9_mapped)
Feb-27 11:05:06.899 [Task submitter] DEBUG nextflow.executor.GridTaskHandler - [PBSPRO] submitted process NFCORE_SCDOWNSTREAM:SCDOWNSTREAM:PREPROCESS:AMBIENT_RNA_REMOVAL:CELLBENDER_REMOVEBACKGROUND (S8A_S14_mapped) > jobId: 253783.pbs-7; workDir: /rds/general/user/ah3918/ephemeral/NEXTFLOW/00/52a3f027887fbab0b54485cb78b7db
Feb-27 11:05:06.899 [Task submitter] INFO  nextflow.Session - [00/52a3f0] Submitted process > NFCORE_SCDOWNSTREAM:SCDOWNSTREAM:PREPROCESS:AMBIENT_RNA_REMOVAL:CELLBENDER_REMOVEBACKGROUND (S8A_S14_mapped)
Feb-27 11:05:06.956 [Task submitter] DEBUG nextflow.executor.GridTaskHandler - [PBSPRO] submitted process NFCORE_SCDOWNSTREAM:SCDOWNSTREAM:PREPROCESS:AMBIENT_RNA_REMOVAL:CELLBENDER_REMOVEBACKGROUND (S10A_S18_mapped) > jobId: 253784.pbs-7; workDir: /rds/general/user/ah3918/ephemeral/NEXTFLOW/3e/6476a4563a0caf06225b054274dc80
Feb-27 11:05:06.956 [Task submitter] INFO  nextflow.Session - [3e/6476a4] Submitted process > NFCORE_SCDOWNSTREAM:SCDOWNSTREAM:PREPROCESS:AMBIENT_RNA_REMOVAL:CELLBENDER_REMOVEBACKGROUND (S10A_S18_mapped)
Feb-27 11:05:07.005 [Task submitter] DEBUG nextflow.executor.GridTaskHandler - [PBSPRO] submitted process NFCORE_SCDOWNSTREAM:SCDOWNSTREAM:PREPROCESS:AMBIENT_RNA_REMOVAL:CELLBENDER_REMOVEBACKGROUND (S13B_S23_mapped) > jobId: 253785.pbs-7; workDir: /rds/general/user/ah3918/ephemeral/NEXTFLOW/00/436ec0dbb4af64db7f1da5854ddaf1
Feb-27 11:05:07.006 [Task submitter] INFO  nextflow.Session - [00/436ec0] Submitted process > NFCORE_SCDOWNSTREAM:SCDOWNSTREAM:PREPROCESS:AMBIENT_RNA_REMOVAL:CELLBENDER_REMOVEBACKGROUND (S13B_S23_mapped)
Feb-27 11:05:07.055 [Task submitter] DEBUG nextflow.executor.GridTaskHandler - [PBSPRO] submitted process NFCORE_SCDOWNSTREAM:SCDOWNSTREAM:PREPROCESS:AMBIENT_RNA_REMOVAL:CELLBENDER_REMOVEBACKGROUND (S6A_S10_mapped) > jobId: 253786.pbs-7; workDir: /rds/general/user/ah3918/ephemeral/NEXTFLOW/da/275836971dd5b5daa7781aa216e17c
Feb-27 11:05:07.055 [Task submitter] INFO  nextflow.Session - [da/275836] Submitted process > NFCORE_SCDOWNSTREAM:SCDOWNSTREAM:PREPROCESS:AMBIENT_RNA_REMOVAL:CELLBENDER_REMOVEBACKGROUND (S6A_S10_mapped)
Feb-27 11:05:07.103 [Task submitter] DEBUG nextflow.executor.GridTaskHandler - [PBSPRO] submitted process NFCORE_SCDOWNSTREAM:SCDOWNSTREAM:PREPROCESS:AMBIENT_RNA_REMOVAL:CELLBENDER_REMOVEBACKGROUND (S1B_S2_mapped) > jobId: 253787.pbs-7; workDir: /rds/general/user/ah3918/ephemeral/NEXTFLOW/14/4f01763ef1311e461a45b074bb7930
Feb-27 11:05:07.103 [Task submitter] INFO  nextflow.Session - [14/4f0176] Submitted process > NFCORE_SCDOWNSTREAM:SCDOWNSTREAM:PREPROCESS:AMBIENT_RNA_REMOVAL:CELLBENDER_REMOVEBACKGROUND (S1B_S2_mapped)
Feb-27 11:05:07.143 [Task submitter] DEBUG nextflow.executor.GridTaskHandler - [PBSPRO] submitted process NFCORE_SCDOWNSTREAM:SCDOWNSTREAM:PREPROCESS:AMBIENT_RNA_REMOVAL:CELLBENDER_REMOVEBACKGROUND (S7A_S12_mapped) > jobId: 253788.pbs-7; workDir: /rds/general/user/ah3918/ephemeral/NEXTFLOW/68/5085cb5d85ef501b89d5628c151e7d
Feb-27 11:05:07.143 [Task submitter] INFO  nextflow.Session - [68/5085cb] Submitted process > NFCORE_SCDOWNSTREAM:SCDOWNSTREAM:PREPROCESS:AMBIENT_RNA_REMOVAL:CELLBENDER_REMOVEBACKGROUND (S7A_S12_mapped)
Feb-27 11:05:07.189 [Task submitter] DEBUG nextflow.executor.GridTaskHandler - [PBSPRO] submitted process NFCORE_SCDOWNSTREAM:SCDOWNSTREAM:PREPROCESS:AMBIENT_RNA_REMOVAL:CELLBENDER_REMOVEBACKGROUND (S17B_S29_mapped) > jobId: 253789.pbs-7; workDir: /rds/general/user/ah3918/ephemeral/NEXTFLOW/01/762e1d07a2fcdafe7ffb13044b560c
Feb-27 11:05:07.189 [Task submitter] INFO  nextflow.Session - [01/762e1d] Submitted process > NFCORE_SCDOWNSTREAM:SCDOWNSTREAM:PREPROCESS:AMBIENT_RNA_REMOVAL:CELLBENDER_REMOVEBACKGROUND (S17B_S29_mapped)
Feb-27 11:05:07.234 [Task submitter] DEBUG nextflow.executor.GridTaskHandler - [PBSPRO] submitted process NFCORE_SCDOWNSTREAM:SCDOWNSTREAM:PREPROCESS:AMBIENT_RNA_REMOVAL:CELLBENDER_REMOVEBACKGROUND (S2A_S3_mapped) > jobId: 253790.pbs-7; workDir: /rds/general/user/ah3918/ephemeral/NEXTFLOW/68/0dc89d087e13cd126e69b5a1f21b6c
Feb-27 11:05:07.235 [Task submitter] INFO  nextflow.Session - [68/0dc89d] Submitted process > NFCORE_SCDOWNSTREAM:SCDOWNSTREAM:PREPROCESS:AMBIENT_RNA_REMOVAL:CELLBENDER_REMOVEBACKGROUND (S2A_S3_mapped)
Feb-27 11:05:07.274 [Task submitter] DEBUG nextflow.executor.GridTaskHandler - [PBSPRO] submitted process NFCORE_SCDOWNSTREAM:SCDOWNSTREAM:PREPROCESS:AMBIENT_RNA_REMOVAL:CELLBENDER_REMOVEBACKGROUND (S2B_S4_mapped) > jobId: 253791.pbs-7; workDir: /rds/general/user/ah3918/ephemeral/NEXTFLOW/a6/374d601072067f08f5d554431abe6b
Feb-27 11:05:07.274 [Task submitter] INFO  nextflow.Session - [a6/374d60] Submitted process > NFCORE_SCDOWNSTREAM:SCDOWNSTREAM:PREPROCESS:AMBIENT_RNA_REMOVAL:CELLBENDER_REMOVEBACKGROUND (S2B_S4_mapped)
Feb-27 11:05:07.311 [Task submitter] DEBUG nextflow.executor.GridTaskHandler - [PBSPRO] submitted process NFCORE_SCDOWNSTREAM:SCDOWNSTREAM:PREPROCESS:AMBIENT_RNA_REMOVAL:CELLBENDER_REMOVEBACKGROUND (S16A_S27_mapped) > jobId: 253792.pbs-7; workDir: /rds/general/user/ah3918/ephemeral/NEXTFLOW/fe/4f8cf4841c85bea0ce80067a6b4fd3
Feb-27 11:05:07.311 [Task submitter] INFO  nextflow.Session - [fe/4f8cf4] Submitted process > NFCORE_SCDOWNSTREAM:SCDOWNSTREAM:PREPROCESS:AMBIENT_RNA_REMOVAL:CELLBENDER_REMOVEBACKGROUND (S16A_S27_mapped)
Feb-27 11:05:07.353 [Task submitter] DEBUG nextflow.executor.GridTaskHandler - [PBSPRO] submitted process NFCORE_SCDOWNSTREAM:SCDOWNSTREAM:PREPROCESS:AMBIENT_RNA_REMOVAL:CELLBENDER_REMOVEBACKGROUND (S5A_S8_mapped) > jobId: 253793.pbs-7; workDir: /rds/general/user/ah3918/ephemeral/NEXTFLOW/93/67e19d86e35011326f1eda52a724a7
Feb-27 11:05:07.353 [Task submitter] INFO  nextflow.Session - [93/67e19d] Submitted process > NFCORE_SCDOWNSTREAM:SCDOWNSTREAM:PREPROCESS:AMBIENT_RNA_REMOVAL:CELLBENDER_REMOVEBACKGROUND (S5A_S8_mapped)
Feb-27 11:05:07.391 [Task submitter] DEBUG nextflow.executor.GridTaskHandler - [PBSPRO] submitted process NFCORE_SCDOWNSTREAM:SCDOWNSTREAM:PREPROCESS:AMBIENT_RNA_REMOVAL:CELLBENDER_REMOVEBACKGROUND (S18B_S30_mapped) > jobId: 253794.pbs-7; workDir: /rds/general/user/ah3918/ephemeral/NEXTFLOW/68/bcd1b3447c99113944937903abf75d
Feb-27 11:05:07.391 [Task submitter] INFO  nextflow.Session - [68/bcd1b3] Submitted process > NFCORE_SCDOWNSTREAM:SCDOWNSTREAM:PREPROCESS:AMBIENT_RNA_REMOVAL:CELLBENDER_REMOVEBACKGROUND (S18B_S30_mapped)
Feb-27 11:05:07.427 [Task submitter] DEBUG nextflow.executor.GridTaskHandler - [PBSPRO] submitted process NFCORE_SCDOWNSTREAM:SCDOWNSTREAM:PREPROCESS:AMBIENT_RNA_REMOVAL:CELLBENDER_REMOVEBACKGROUND (S1A_S1_mapped) > jobId: 253795.pbs-7; workDir: /rds/general/user/ah3918/ephemeral/NEXTFLOW/f5/1cabc30a2df67a188c7f4709de0117
Feb-27 11:05:07.427 [Task submitter] INFO  nextflow.Session - [f5/1cabc3] Submitted process > NFCORE_SCDOWNSTREAM:SCDOWNSTREAM:PREPROCESS:AMBIENT_RNA_REMOVAL:CELLBENDER_REMOVEBACKGROUND (S1A_S1_mapped)
Feb-27 11:05:07.466 [Task submitter] DEBUG nextflow.executor.GridTaskHandler - [PBSPRO] submitted process NFCORE_SCDOWNSTREAM:SCDOWNSTREAM:PREPROCESS:AMBIENT_RNA_REMOVAL:CELLBENDER_REMOVEBACKGROUND (S19A_S31_mapped) > jobId: 253796.pbs-7; workDir: /rds/general/user/ah3918/ephemeral/NEXTFLOW/3b/8b793258cdd388e722e7e13cf4c283
Feb-27 11:05:07.466 [Task submitter] INFO  nextflow.Session - [3b/8b7932] Submitted process > NFCORE_SCDOWNSTREAM:SCDOWNSTREAM:PREPROCESS:AMBIENT_RNA_REMOVAL:CELLBENDER_REMOVEBACKGROUND (S19A_S31_mapped)
Feb-27 11:05:07.504 [Task submitter] DEBUG nextflow.executor.GridTaskHandler - [PBSPRO] submitted process NFCORE_SCDOWNSTREAM:SCDOWNSTREAM:PREPROCESS:AMBIENT_RNA_REMOVAL:CELLBENDER_REMOVEBACKGROUND (S8B_S15_mapped) > jobId: 253797.pbs-7; workDir: /rds/general/user/ah3918/ephemeral/NEXTFLOW/f8/bfcffb2ab1cf7fc4f607ace62bfc64
Feb-27 11:05:07.504 [Task submitter] INFO  nextflow.Session - [f8/bfcffb] Submitted process > NFCORE_SCDOWNSTREAM:SCDOWNSTREAM:PREPROCESS:AMBIENT_RNA_REMOVAL:CELLBENDER_REMOVEBACKGROUND (S8B_S15_mapped)
Feb-27 11:05:07.542 [Task submitter] DEBUG nextflow.executor.GridTaskHandler - [PBSPRO] submitted process NFCORE_SCDOWNSTREAM:SCDOWNSTREAM:PREPROCESS:AMBIENT_RNA_REMOVAL:CELLBENDER_REMOVEBACKGROUND (S7B_S13_mapped) > jobId: 253798.pbs-7; workDir: /rds/general/user/ah3918/ephemeral/NEXTFLOW/46/a6fbf1ce82dc066b6c4efefd187eb0
Feb-27 11:05:07.543 [Task submitter] INFO  nextflow.Session - [46/a6fbf1] Submitted process > NFCORE_SCDOWNSTREAM:SCDOWNSTREAM:PREPROCESS:AMBIENT_RNA_REMOVAL:CELLBENDER_REMOVEBACKGROUND (S7B_S13_mapped)
Feb-27 11:05:07.582 [Task submitter] DEBUG nextflow.executor.GridTaskHandler - [PBSPRO] submitted process NFCORE_SCDOWNSTREAM:SCDOWNSTREAM:PREPROCESS:AMBIENT_RNA_REMOVAL:CELLBENDER_REMOVEBACKGROUND (S13A_S22_mapped) > jobId: 253799.pbs-7; workDir: /rds/general/user/ah3918/ephemeral/NEXTFLOW/21/544c1ec1d443780011f31d9fe6823a
Feb-27 11:05:07.583 [Task submitter] INFO  nextflow.Session - [21/544c1e] Submitted process > NFCORE_SCDOWNSTREAM:SCDOWNSTREAM:PREPROCESS:AMBIENT_RNA_REMOVAL:CELLBENDER_REMOVEBACKGROUND (S13A_S22_mapped)
Feb-27 11:05:07.628 [Task submitter] DEBUG nextflow.executor.GridTaskHandler - [PBSPRO] submitted process NFCORE_SCDOWNSTREAM:SCDOWNSTREAM:PREPROCESS:AMBIENT_RNA_REMOVAL:CELLBENDER_REMOVEBACKGROUND (S9A_S16_mapped) > jobId: 253800.pbs-7; workDir: /rds/general/user/ah3918/ephemeral/NEXTFLOW/89/ea8d6b5f92898906e6afc4c6bd32c1
Feb-27 11:05:07.628 [Task submitter] INFO  nextflow.Session - [89/ea8d6b] Submitted process > NFCORE_SCDOWNSTREAM:SCDOWNSTREAM:PREPROCESS:AMBIENT_RNA_REMOVAL:CELLBENDER_REMOVEBACKGROUND (S9A_S16_mapped)
Feb-27 11:05:07.666 [Task submitter] DEBUG nextflow.executor.GridTaskHandler - [PBSPRO] submitted process NFCORE_SCDOWNSTREAM:SCDOWNSTREAM:PREPROCESS:AMBIENT_RNA_REMOVAL:CELLBENDER_REMOVEBACKGROUND (S12B_S21_mapped) > jobId: 253801.pbs-7; workDir: /rds/general/user/ah3918/ephemeral/NEXTFLOW/25/9b02f139f1a651a6de5fa5ef3106bb
Feb-27 11:05:07.667 [Task submitter] INFO  nextflow.Session - [25/9b02f1] Submitted process > NFCORE_SCDOWNSTREAM:SCDOWNSTREAM:PREPROCESS:AMBIENT_RNA_REMOVAL:CELLBENDER_REMOVEBACKGROUND (S12B_S21_mapped)
Feb-27 11:05:07.702 [Task submitter] DEBUG nextflow.executor.GridTaskHandler - [PBSPRO] submitted process NFCORE_SCDOWNSTREAM:SCDOWNSTREAM:PREPROCESS:AMBIENT_RNA_REMOVAL:CELLBENDER_REMOVEBACKGROUND (S11A_S19_mapped) > jobId: 253802.pbs-7; workDir: /rds/general/user/ah3918/ephemeral/NEXTFLOW/c9/73d80377af90c1bc964bb908060df8
Feb-27 11:05:07.702 [Task submitter] INFO  nextflow.Session - [c9/73d803] Submitted process > NFCORE_SCDOWNSTREAM:SCDOWNSTREAM:PREPROCESS:AMBIENT_RNA_REMOVAL:CELLBENDER_REMOVEBACKGROUND (S11A_S19_mapped)
Feb-27 11:05:07.736 [Task submitter] DEBUG nextflow.executor.GridTaskHandler - [PBSPRO] submitted process NFCORE_SCDOWNSTREAM:SCDOWNSTREAM:PREPROCESS:AMBIENT_RNA_REMOVAL:CELLBENDER_REMOVEBACKGROUND (S14A_S24_mapped) > jobId: 253803.pbs-7; workDir: /rds/general/user/ah3918/ephemeral/NEXTFLOW/72/46b357cdcccd0e95b54a681bf58674
Feb-27 11:05:07.737 [Task submitter] INFO  nextflow.Session - [72/46b357] Submitted process > NFCORE_SCDOWNSTREAM:SCDOWNSTREAM:PREPROCESS:AMBIENT_RNA_REMOVAL:CELLBENDER_REMOVEBACKGROUND (S14A_S24_mapped)
Feb-27 11:05:07.776 [Task submitter] DEBUG nextflow.executor.GridTaskHandler - [PBSPRO] submitted process NFCORE_SCDOWNSTREAM:SCDOWNSTREAM:PREPROCESS:AMBIENT_RNA_REMOVAL:CELLBENDER_REMOVEBACKGROUND (S4B_S7_mapped) > jobId: 253804.pbs-7; workDir: /rds/general/user/ah3918/ephemeral/NEXTFLOW/1d/86e336474ec6f5f946d0d1e4940b4f
Feb-27 11:05:07.776 [Task submitter] INFO  nextflow.Session - [1d/86e336] Submitted process > NFCORE_SCDOWNSTREAM:SCDOWNSTREAM:PREPROCESS:AMBIENT_RNA_REMOVAL:CELLBENDER_REMOVEBACKGROUND (S4B_S7_mapped)
Feb-27 11:05:07.813 [Task submitter] DEBUG nextflow.executor.GridTaskHandler - [PBSPRO] submitted process NFCORE_SCDOWNSTREAM:SCDOWNSTREAM:PREPROCESS:AMBIENT_RNA_REMOVAL:CELLBENDER_REMOVEBACKGROUND (S11B_S20_mapped) > jobId: 253805.pbs-7; workDir: /rds/general/user/ah3918/ephemeral/NEXTFLOW/cc/0ab3f908c6fb7a254e79f14fbffa32
Feb-27 11:05:07.813 [Task submitter] INFO  nextflow.Session - [cc/0ab3f9] Submitted process > NFCORE_SCDOWNSTREAM:SCDOWNSTREAM:PREPROCESS:AMBIENT_RNA_REMOVAL:CELLBENDER_REMOVEBACKGROUND (S11B_S20_mapped)
Feb-27 11:05:07.864 [Task submitter] DEBUG nextflow.executor.GridTaskHandler - [PBSPRO] submitted process NFCORE_SCDOWNSTREAM:SCDOWNSTREAM:PREPROCESS:AMBIENT_RNA_REMOVAL:CELLBENDER_REMOVEBACKGROUND (S16B_S28_mapped) > jobId: 253806.pbs-7; workDir: /rds/general/user/ah3918/ephemeral/NEXTFLOW/a4/384a06d1120774c57855a002ec0f51
Feb-27 11:05:07.864 [Task submitter] INFO  nextflow.Session - [a4/384a06] Submitted process > NFCORE_SCDOWNSTREAM:SCDOWNSTREAM:PREPROCESS:AMBIENT_RNA_REMOVAL:CELLBENDER_REMOVEBACKGROUND (S16B_S28_mapped)
Feb-27 11:05:07.924 [Task submitter] DEBUG nextflow.executor.GridTaskHandler - [PBSPRO] submitted process NFCORE_SCDOWNSTREAM:SCDOWNSTREAM:PREPROCESS:AMBIENT_RNA_REMOVAL:CELLBENDER_REMOVEBACKGROUND (S15A_S26_mapped) > jobId: 253807.pbs-7; workDir: /rds/general/user/ah3918/ephemeral/NEXTFLOW/1a/27c4cca28a22149910fe422769805c
Feb-27 11:05:07.924 [Task submitter] INFO  nextflow.Session - [1a/27c4cc] Submitted process > NFCORE_SCDOWNSTREAM:SCDOWNSTREAM:PREPROCESS:AMBIENT_RNA_REMOVAL:CELLBENDER_REMOVEBACKGROUND (S15A_S26_mapped)
Feb-27 11:05:07.980 [Task submitter] DEBUG nextflow.executor.GridTaskHandler - [PBSPRO] submitted process NFCORE_SCDOWNSTREAM:SCDOWNSTREAM:PREPROCESS:AMBIENT_RNA_REMOVAL:CELLBENDER_REMOVEBACKGROUND (S6B_S11_mapped) > jobId: 253808.pbs-7; workDir: /rds/general/user/ah3918/ephemeral/NEXTFLOW/29/e19a952add377dd5b6b5a9c99cc9e8
Feb-27 11:05:07.980 [Task submitter] INFO  nextflow.Session - [29/e19a95] Submitted process > NFCORE_SCDOWNSTREAM:SCDOWNSTREAM:PREPROCESS:AMBIENT_RNA_REMOVAL:CELLBENDER_REMOVEBACKGROUND (S6B_S11_mapped)
Feb-27 11:05:08.038 [Task submitter] DEBUG nextflow.executor.GridTaskHandler - [PBSPRO] submitted process NFCORE_SCDOWNSTREAM:SCDOWNSTREAM:PREPROCESS:AMBIENT_RNA_REMOVAL:CELLBENDER_REMOVEBACKGROUND (S9B_S17_mapped) > jobId: 253809.pbs-7; workDir: /rds/general/user/ah3918/ephemeral/NEXTFLOW/cf/4dc784e77317d3bf4edbaa57a44046
Feb-27 11:05:08.038 [Task submitter] INFO  nextflow.Session - [cf/4dc784] Submitted process > NFCORE_SCDOWNSTREAM:SCDOWNSTREAM:PREPROCESS:AMBIENT_RNA_REMOVAL:CELLBENDER_REMOVEBACKGROUND (S9B_S17_mapped)
Feb-27 11:05:08.113 [Task submitter] DEBUG nextflow.executor.GridTaskHandler - [PBSPRO] submitted process NFCORE_SCDOWNSTREAM:SCDOWNSTREAM:PREPROCESS:AMBIENT_RNA_REMOVAL:CELLBENDER_REMOVEBACKGROUND (S19B_S32_mapped) > jobId: 253810.pbs-7; workDir: /rds/general/user/ah3918/ephemeral/NEXTFLOW/2f/cc2756d2f287b537201b9fdd366463
Feb-27 11:05:08.113 [Task submitter] INFO  nextflow.Session - [2f/cc2756] Submitted process > NFCORE_SCDOWNSTREAM:SCDOWNSTREAM:PREPROCESS:AMBIENT_RNA_REMOVAL:CELLBENDER_REMOVEBACKGROUND (S19B_S32_mapped)
Feb-27 11:10:08.321 [Task monitor] DEBUG n.processor.TaskPollingMonitor - !! executor pbspro > tasks to be completed: 32 -- submitted tasks are shown below
~> TaskHandler[jobId: 253779.pbs-7; id: 102; name: NFCORE_SCDOWNSTREAM:SCDOWNSTREAM:PREPROCESS:AMBIENT_RNA_REMOVAL:CELLBENDER_REMOVEBACKGROUND (S4A_S6_mapped); status: RUNNING; exit: -; error: -; workDir: /rds/general/user/ah3918/ephemeral/NEXTFLOW/92/5b79ff6d35c2d63dbaa7a703416c71 started: 1740654308726; exited: -; ]
~> TaskHandler[jobId: 253780.pbs-7; id: 81; name: NFCORE_SCDOWNSTREAM:SCDOWNSTREAM:PREPROCESS:AMBIENT_RNA_REMOVAL:CELLBENDER_REMOVEBACKGROUND (S3A_S5_mapped); status: RUNNING; exit: -; error: -; workDir: /rds/general/user/ah3918/ephemeral/NEXTFLOW/c7/614b17a1367a4048ce2270227feea3 started: 1740654308728; exited: -; ]
~> TaskHandler[jobId: 253781.pbs-7; id: 90; name: NFCORE_SCDOWNSTREAM:SCDOWNSTREAM:PREPROCESS:AMBIENT_RNA_REMOVAL:CELLBENDER_REMOVEBACKGROUND (S14B_S25_mapped); status: RUNNING; exit: -; error: -; workDir: /rds/general/user/ah3918/ephemeral/NEXTFLOW/ae/8a48bc244d54c5604bfcf5125f2da8 started: 1740654333319; exited: -; ]
~> TaskHandler[jobId: 253782.pbs-7; id: 87; name: NFCORE_SCDOWNSTREAM:SCDOWNSTREAM:PREPROCESS:AMBIENT_RNA_REMOVAL:CELLBENDER_REMOVEBACKGROUND (S5B_S9_mapped); status: RUNNING; exit: -; error: -; workDir: /rds/general/user/ah3918/ephemeral/NEXTFLOW/b7/c9b5d869606062ff47e0910b883f6d started: 1740654328319; exited: -; ]
~> TaskHandler[jobId: 253783.pbs-7; id: 79; name: NFCORE_SCDOWNSTREAM:SCDOWNSTREAM:PREPROCESS:AMBIENT_RNA_REMOVAL:CELLBENDER_REMOVEBACKGROUND (S8A_S14_mapped); status: RUNNING; exit: -; error: -; workDir: /rds/general/user/ah3918/ephemeral/NEXTFLOW/00/52a3f027887fbab0b54485cb78b7db started: 1740654333329; exited: -; ]
~> TaskHandler[jobId: 253784.pbs-7; id: 105; name: NFCORE_SCDOWNSTREAM:SCDOWNSTREAM:PREPROCESS:AMBIENT_RNA_REMOVAL:CELLBENDER_REMOVEBACKGROUND (S10A_S18_mapped); status: RUNNING; exit: -; error: -; workDir: /rds/general/user/ah3918/ephemeral/NEXTFLOW/3e/6476a4563a0caf06225b054274dc80 started: 1740654338331; exited: -; ]
~> TaskHandler[jobId: 253785.pbs-7; id: 95; name: NFCORE_SCDOWNSTREAM:SCDOWNSTREAM:PREPROCESS:AMBIENT_RNA_REMOVAL:CELLBENDER_REMOVEBACKGROUND (S13B_S23_mapped); status: RUNNING; exit: -; error: -; workDir: /rds/general/user/ah3918/ephemeral/NEXTFLOW/00/436ec0dbb4af64db7f1da5854ddaf1 started: 1740654343320; exited: -; ]
~> TaskHandler[jobId: 253786.pbs-7; id: 115; name: NFCORE_SCDOWNSTREAM:SCDOWNSTREAM:PREPROCESS:AMBIENT_RNA_REMOVAL:CELLBENDER_REMOVEBACKGROUND (S6A_S10_mapped); status: RUNNING; exit: -; error: -; workDir: /rds/general/user/ah3918/ephemeral/NEXTFLOW/da/275836971dd5b5daa7781aa216e17c started: 1740654348324; exited: -; ]
~> TaskHandler[jobId: 253787.pbs-7; id: 119; name: NFCORE_SCDOWNSTREAM:SCDOWNSTREAM:PREPROCESS:AMBIENT_RNA_REMOVAL:CELLBENDER_REMOVEBACKGROUND (S1B_S2_mapped); status: RUNNING; exit: -; error: -; workDir: /rds/general/user/ah3918/ephemeral/NEXTFLOW/14/4f01763ef1311e461a45b074bb7930 started: 1740654353331; exited: -; ]
~> TaskHandler[jobId: 253788.pbs-7; id: 71; name: NFCORE_SCDOWNSTREAM:SCDOWNSTREAM:PREPROCESS:AMBIENT_RNA_REMOVAL:CELLBENDER_REMOVEBACKGROUND (S7A_S12_mapped); status: RUNNING; exit: -; error: -; workDir: /rds/general/user/ah3918/ephemeral/NEXTFLOW/68/5085cb5d85ef501b89d5628c151e7d started: 1740654353335; exited: -; ]
.. remaining tasks omitted.
